[*] /boot/develop/hpkgsrc/devel/libffi/work/.tools/bin/true 
<.> true  
[*] /boot/develop/hpkgsrc/devel/libffi/work/.tools/bin/true 
<.> true  
[*] /boot/develop/hpkgsrc/devel/libffi/work/.tools/bin/true 
<.> true  
[*] /boot/develop/hpkgsrc/devel/libffi/work/.tools/bin/true 
<.> true  
[*] /boot/develop/hpkgsrc/devel/libffi/work/.tools/bin/true 
<.> true  
[*] /boot/develop/hpkgsrc/devel/libffi/work/.tools/bin/true 
<.> true  
[*] /boot/develop/hpkgsrc/devel/libffi/work/.tools/bin/true 
<.> true  
[*] /boot/develop/hpkgsrc/devel/libffi/work/.tools/bin/true 
<.> true  
[*] /boot/develop/hpkgsrc/devel/libffi/work/.tools/bin/true 
<.> true  
[*] /boot/develop/hpkgsrc/devel/libffi/work/.tools/bin/true 
<.> true  
[*] /boot/develop/hpkgsrc/devel/libffi/work/.tools/bin/true 
<.> true  
[*] /boot/develop/hpkgsrc/devel/libffi/work/.tools/bin/true 
<.> true  
[*] /boot/develop/hpkgsrc/devel/libffi/work/.tools/bin/true 
<.> true  
[*] /boot/develop/hpkgsrc/devel/libffi/work/.tools/bin/true 
<.> true  
[*] /boot/develop/hpkgsrc/devel/libffi/work/.tools/bin/true 
<.> true  
[*] /boot/develop/hpkgsrc/devel/libffi/work/.tools/bin/true 
<.> true  
[*] /boot/develop/hpkgsrc/devel/libffi/work/.tools/bin/true 
<.> true  
[*] /boot/develop/hpkgsrc/devel/libffi/work/.tools/bin/true 
<.> true  
[*] /boot/develop/hpkgsrc/devel/libffi/work/.tools/bin/true 
<.> true  
[*] /boot/develop/hpkgsrc/devel/libffi/work/.tools/bin/true 
<.> true  
[*] /boot/develop/hpkgsrc/devel/libffi/work/.tools/bin/true 
<.> true  
[*] /boot/develop/hpkgsrc/devel/libffi/work/.tools/bin/true 
<.> true  
[*] /boot/develop/hpkgsrc/devel/libffi/work/.tools/bin/mkdir conf90019.dir
<.> /bin/mkdir -p conf90019.dir
[*] /boot/develop/hpkgsrc/devel/libffi/work/.tools/bin/mkdir -p .
<.> /bin/mkdir -p -p .
[*] /boot/develop/hpkgsrc/devel/libffi/work/.tools/bin/mkdir --version
<.> /bin/mkdir -p --version
[*] /boot/develop/hpkgsrc/devel/libffi/work/.tools/bin/mkdir .tst
<.> /bin/mkdir -p .tst
[*] /boot/develop/hpkgsrc/devel/libffi/work/.wrapper/bin/gcc /boot/develop/hpkgsrc/devel/libffi/work/.wrapper/bin/gcc --version
<.> /boot/develop/hpkgsrc/devel/libffi/work/.gcc/bin/gcc --version -I/boot/develop/hpkgsrc/devel/libffi/work/.buildlink/include -L/boot/develop/hpkgsrc/devel/libffi/work/.buildlink/lib 
[*] /boot/develop/hpkgsrc/devel/libffi/work/.wrapper/bin/gcc /boot/develop/hpkgsrc/devel/libffi/work/.wrapper/bin/gcc -v
<.> /boot/develop/hpkgsrc/devel/libffi/work/.gcc/bin/gcc -v 
[*] /boot/develop/hpkgsrc/devel/libffi/work/.wrapper/bin/gcc /boot/develop/hpkgsrc/devel/libffi/work/.wrapper/bin/gcc -V
<.> /boot/develop/hpkgsrc/devel/libffi/work/.gcc/bin/gcc -V -I/boot/develop/hpkgsrc/devel/libffi/work/.buildlink/include -L/boot/develop/hpkgsrc/devel/libffi/work/.buildlink/lib 
[*] /boot/develop/hpkgsrc/devel/libffi/work/.wrapper/bin/gcc /boot/develop/hpkgsrc/devel/libffi/work/.wrapper/bin/gcc -Wno-error -Wl,-R/boot/common/pkg/lib conftest.c -lnetwork -lroot
<.> /boot/develop/hpkgsrc/devel/libffi/work/.gcc/bin/gcc -Wno-error -Wl,-R/boot/common/pkg/lib conftest.c -I/boot/develop/hpkgsrc/devel/libffi/work/.buildlink/include -L/boot/develop/hpkgsrc/devel/libffi/work/.buildlink/lib  -lnetwork -lroot
[*] /boot/develop/hpkgsrc/devel/libffi/work/.wrapper/bin/gcc /boot/develop/hpkgsrc/devel/libffi/work/.wrapper/bin/gcc -o conftest -Wno-error -Wl,-R/boot/common/pkg/lib conftest.c -lnetwork -lroot
<.> /boot/develop/hpkgsrc/devel/libffi/work/.gcc/bin/gcc -o conftest -Wno-error -Wl,-R/boot/common/pkg/lib conftest.c -I/boot/develop/hpkgsrc/devel/libffi/work/.buildlink/include -L/boot/develop/hpkgsrc/devel/libffi/work/.buildlink/lib  -lnetwork -lroot
[*] /boot/develop/hpkgsrc/devel/libffi/work/.wrapper/bin/gcc /boot/develop/hpkgsrc/devel/libffi/work/.wrapper/bin/gcc -c -Wno-error conftest.c
<.> /boot/develop/hpkgsrc/devel/libffi/work/.gcc/bin/gcc -c -Wno-error conftest.c -I/boot/develop/hpkgsrc/devel/libffi/work/.buildlink/include -L/boot/develop/hpkgsrc/devel/libffi/work/.buildlink/lib 
[*] /boot/develop/hpkgsrc/devel/libffi/work/.wrapper/bin/gcc /boot/develop/hpkgsrc/devel/libffi/work/.wrapper/bin/gcc -c -Wno-error conftest.c
<.> /boot/develop/hpkgsrc/devel/libffi/work/.gcc/bin/gcc -c -Wno-error conftest.c -I/boot/develop/hpkgsrc/devel/libffi/work/.buildlink/include -L/boot/develop/hpkgsrc/devel/libffi/work/.buildlink/lib 
[*] /boot/develop/hpkgsrc/devel/libffi/work/.wrapper/bin/gcc /boot/develop/hpkgsrc/devel/libffi/work/.wrapper/bin/gcc -c -g conftest.c
<.> /boot/develop/hpkgsrc/devel/libffi/work/.gcc/bin/gcc -c -g conftest.c -I/boot/develop/hpkgsrc/devel/libffi/work/.buildlink/include -L/boot/develop/hpkgsrc/devel/libffi/work/.buildlink/lib 
[*] /boot/develop/hpkgsrc/devel/libffi/work/.wrapper/bin/gcc /boot/develop/hpkgsrc/devel/libffi/work/.wrapper/bin/gcc -c -Wno-error conftest.c
<.> /boot/develop/hpkgsrc/devel/libffi/work/.gcc/bin/gcc -c -Wno-error conftest.c -I/boot/develop/hpkgsrc/devel/libffi/work/.buildlink/include -L/boot/develop/hpkgsrc/devel/libffi/work/.buildlink/lib 
[*] /boot/develop/hpkgsrc/devel/libffi/work/.tools/bin/echo this is the am__doit target
<.> echo  this is the am__doit target
[*] /boot/develop/hpkgsrc/devel/libffi/work/.tools/bin/mkdir conftest.dir
<.> /bin/mkdir -p conftest.dir
[*] /boot/develop/hpkgsrc/devel/libffi/work/.tools/bin/mkdir sub
<.> /bin/mkdir -p sub
[*] /boot/develop/hpkgsrc/devel/libffi/work/.wrapper/bin/gcc /boot/develop/hpkgsrc/devel/libffi/work/.wrapper/bin/gcc -MT sub/conftest.o -MD -MP -MF sub/conftest.TPo -c -o sub/conftest.o sub/conftest.c
<.> /boot/develop/hpkgsrc/devel/libffi/work/.gcc/bin/gcc -MT sub/conftest.o -MD -MP -MF sub/conftest.TPo -c -o sub/conftest.o sub/conftest.c -I/boot/develop/hpkgsrc/devel/libffi/work/.buildlink/include -L/boot/develop/hpkgsrc/devel/libffi/work/.buildlink/lib 
[*] /boot/develop/hpkgsrc/devel/libffi/work/.tools/bin/mkdir conftest.dir
<.> /bin/mkdir -p conftest.dir
[*] /boot/develop/hpkgsrc/devel/libffi/work/.tools/bin/mkdir sub
<.> /bin/mkdir -p sub
[*] /boot/develop/hpkgsrc/devel/libffi/work/.wrapper/bin/gcc /boot/develop/hpkgsrc/devel/libffi/work/.wrapper/bin/gcc -MT sub/conftest.o -MD -MP -MF sub/conftest.TPo -c -o sub/conftest.o sub/conftest.c
<.> /boot/develop/hpkgsrc/devel/libffi/work/.gcc/bin/gcc -MT sub/conftest.o -MD -MP -MF sub/conftest.TPo -c -o sub/conftest.o sub/conftest.c -I/boot/develop/hpkgsrc/devel/libffi/work/.buildlink/include -L/boot/develop/hpkgsrc/devel/libffi/work/.buildlink/lib 
[*] /boot/develop/hpkgsrc/devel/libffi/work/.wrapper/bin/gcc /boot/develop/hpkgsrc/devel/libffi/work/.wrapper/bin/gcc -c conftest.c -o conftest2.o
<.> /boot/develop/hpkgsrc/devel/libffi/work/.gcc/bin/gcc -c conftest.c -o conftest2.o -I/boot/develop/hpkgsrc/devel/libffi/work/.buildlink/include -L/boot/develop/hpkgsrc/devel/libffi/work/.buildlink/lib 
[*] /boot/develop/hpkgsrc/devel/libffi/work/.wrapper/bin/gcc /boot/develop/hpkgsrc/devel/libffi/work/.wrapper/bin/gcc -c conftest.c -o conftest2.o
<.> /boot/develop/hpkgsrc/devel/libffi/work/.gcc/bin/gcc -c conftest.c -o conftest2.o -I/boot/develop/hpkgsrc/devel/libffi/work/.buildlink/include -L/boot/develop/hpkgsrc/devel/libffi/work/.buildlink/lib 
[*] /boot/develop/hpkgsrc/devel/libffi/work/.wrapper/bin/cc /boot/develop/hpkgsrc/devel/libffi/work/.wrapper/bin/cc -c conftest.c
<.> /boot/develop/hpkgsrc/devel/libffi/work/.gcc/bin/gcc -c conftest.c -I/boot/develop/hpkgsrc/devel/libffi/work/.buildlink/include -L/boot/develop/hpkgsrc/devel/libffi/work/.buildlink/lib 
[*] /boot/develop/hpkgsrc/devel/libffi/work/.wrapper/bin/cc /boot/develop/hpkgsrc/devel/libffi/work/.wrapper/bin/cc -c conftest.c -o conftest2.o
<.> /boot/develop/hpkgsrc/devel/libffi/work/.gcc/bin/gcc -c conftest.c -o conftest2.o -I/boot/develop/hpkgsrc/devel/libffi/work/.buildlink/include -L/boot/develop/hpkgsrc/devel/libffi/work/.buildlink/lib 
[*] /boot/develop/hpkgsrc/devel/libffi/work/.wrapper/bin/cc /boot/develop/hpkgsrc/devel/libffi/work/.wrapper/bin/cc -c conftest.c -o conftest2.o
<.> /boot/develop/hpkgsrc/devel/libffi/work/.gcc/bin/gcc -c conftest.c -o conftest2.o -I/boot/develop/hpkgsrc/devel/libffi/work/.buildlink/include -L/boot/develop/hpkgsrc/devel/libffi/work/.buildlink/lib 
[*] /boot/develop/hpkgsrc/devel/libffi/work/.wrapper/bin/gcc /boot/develop/hpkgsrc/devel/libffi/work/.wrapper/bin/gcc -print-prog-name=ld
<.> /boot/develop/hpkgsrc/devel/libffi/work/.gcc/bin/gcc -print-prog-name=ld -I/boot/develop/hpkgsrc/devel/libffi/work/.buildlink/include -L/boot/develop/hpkgsrc/devel/libffi/work/.buildlink/lib 
[*] /boot/develop/hpkgsrc/devel/libffi/work/.wrapper/bin/gcc /boot/develop/hpkgsrc/devel/libffi/work/.wrapper/bin/gcc -c -Wno-error conftest.c
<.> /boot/develop/hpkgsrc/devel/libffi/work/.gcc/bin/gcc -c -Wno-error conftest.c -I/boot/develop/hpkgsrc/devel/libffi/work/.buildlink/include -L/boot/develop/hpkgsrc/devel/libffi/work/.buildlink/lib 
[*] /boot/develop/hpkgsrc/devel/libffi/work/.tools/bin/mkdir conf90580.dir
<.> /bin/mkdir -p conf90580.dir
[*] /boot/develop/hpkgsrc/devel/libffi/work/.tools/bin/mkdir -p .
<.> /bin/mkdir -p -p .
[*] /boot/develop/hpkgsrc/devel/libffi/work/.tools/bin/mkdir conf90623.dir
<.> /bin/mkdir -p conf90623.dir
[*] /boot/develop/hpkgsrc/devel/libffi/work/.tools/bin/mkdir -p .
<.> /bin/mkdir -p -p .
[*] /boot/develop/hpkgsrc/devel/libffi/work/.tools/bin/mkdir conf90666.dir
<.> /bin/mkdir -p conf90666.dir
[*] /boot/develop/hpkgsrc/devel/libffi/work/.tools/bin/mkdir -p .
<.> /bin/mkdir -p -p .
[*] /boot/develop/hpkgsrc/devel/libffi/work/.tools/bin/mkdir conf90709.dir
<.> /bin/mkdir -p conf90709.dir
[*] /boot/develop/hpkgsrc/devel/libffi/work/.tools/bin/mkdir -p .
<.> /bin/mkdir -p -p .
[*] /boot/develop/hpkgsrc/devel/libffi/work/.tools/bin/mkdir conf90752.dir
<.> /bin/mkdir -p conf90752.dir
[*] /boot/develop/hpkgsrc/devel/libffi/work/.tools/bin/mkdir -p .
<.> /bin/mkdir -p -p .
[*] /boot/develop/hpkgsrc/devel/libffi/work/.tools/bin/mkdir conf90795.dir
<.> /bin/mkdir -p conf90795.dir
[*] /boot/develop/hpkgsrc/devel/libffi/work/.tools/bin/mkdir -p .
<.> /bin/mkdir -p -p .
[*] /boot/develop/hpkgsrc/devel/libffi/work/.wrapper/bin/gcc /boot/develop/hpkgsrc/devel/libffi/work/.wrapper/bin/gcc -c -Wno-error conftest.c
<.> /boot/develop/hpkgsrc/devel/libffi/work/.gcc/bin/gcc -c -Wno-error conftest.c -I/boot/develop/hpkgsrc/devel/libffi/work/.buildlink/include -L/boot/develop/hpkgsrc/devel/libffi/work/.buildlink/lib 
[*] /boot/develop/hpkgsrc/devel/libffi/work/.wrapper/bin/gcc /boot/develop/hpkgsrc/devel/libffi/work/.wrapper/bin/gcc -o conftest -Wno-error -Wl,-R/boot/common/pkg/lib conftest.c conftstm.o
<.> /boot/develop/hpkgsrc/devel/libffi/work/.gcc/bin/gcc -o conftest -Wno-error -Wl,-R/boot/common/pkg/lib conftest.c conftstm.o -I/boot/develop/hpkgsrc/devel/libffi/work/.buildlink/include -L/boot/develop/hpkgsrc/devel/libffi/work/.buildlink/lib 
[*] /boot/develop/hpkgsrc/devel/libffi/work/.wrapper/bin/gcc /boot/develop/hpkgsrc/devel/libffi/work/.wrapper/bin/gcc -E conftest.c
<.> /boot/develop/hpkgsrc/devel/libffi/work/.gcc/bin/gcc -E conftest.c -I/boot/develop/hpkgsrc/devel/libffi/work/.buildlink/include -L/boot/develop/hpkgsrc/devel/libffi/work/.buildlink/lib 
[*] /boot/develop/hpkgsrc/devel/libffi/work/.wrapper/bin/gcc /boot/develop/hpkgsrc/devel/libffi/work/.wrapper/bin/gcc -E conftest.c
<.> /boot/develop/hpkgsrc/devel/libffi/work/.gcc/bin/gcc -E conftest.c -I/boot/develop/hpkgsrc/devel/libffi/work/.buildlink/include -L/boot/develop/hpkgsrc/devel/libffi/work/.buildlink/lib 
[*] /boot/develop/hpkgsrc/devel/libffi/work/.wrapper/bin/gcc /boot/develop/hpkgsrc/devel/libffi/work/.wrapper/bin/gcc -E conftest.c
<.> /boot/develop/hpkgsrc/devel/libffi/work/.gcc/bin/gcc -E conftest.c -I/boot/develop/hpkgsrc/devel/libffi/work/.buildlink/include -L/boot/develop/hpkgsrc/devel/libffi/work/.buildlink/lib 
[*] /boot/develop/hpkgsrc/devel/libffi/work/.wrapper/bin/gcc /boot/develop/hpkgsrc/devel/libffi/work/.wrapper/bin/gcc -E conftest.c
<.> /boot/develop/hpkgsrc/devel/libffi/work/.gcc/bin/gcc -E conftest.c -I/boot/develop/hpkgsrc/devel/libffi/work/.buildlink/include -L/boot/develop/hpkgsrc/devel/libffi/work/.buildlink/lib 
[*] /boot/develop/hpkgsrc/devel/libffi/work/.wrapper/bin/gcc /boot/develop/hpkgsrc/devel/libffi/work/.wrapper/bin/gcc -c -Wno-error conftest.c
<.> /boot/develop/hpkgsrc/devel/libffi/work/.gcc/bin/gcc -c -Wno-error conftest.c -I/boot/develop/hpkgsrc/devel/libffi/work/.buildlink/include -L/boot/develop/hpkgsrc/devel/libffi/work/.buildlink/lib 
[*] /boot/develop/hpkgsrc/devel/libffi/work/.wrapper/bin/gcc /boot/develop/hpkgsrc/devel/libffi/work/.wrapper/bin/gcc -E conftest.c
<.> /boot/develop/hpkgsrc/devel/libffi/work/.gcc/bin/gcc -E conftest.c -I/boot/develop/hpkgsrc/devel/libffi/work/.buildlink/include -L/boot/develop/hpkgsrc/devel/libffi/work/.buildlink/lib 
[*] /boot/develop/hpkgsrc/devel/libffi/work/.wrapper/bin/gcc /boot/develop/hpkgsrc/devel/libffi/work/.wrapper/bin/gcc -E conftest.c
<.> /boot/develop/hpkgsrc/devel/libffi/work/.gcc/bin/gcc -E conftest.c -I/boot/develop/hpkgsrc/devel/libffi/work/.buildlink/include -L/boot/develop/hpkgsrc/devel/libffi/work/.buildlink/lib 
[*] /boot/develop/hpkgsrc/devel/libffi/work/.wrapper/bin/gcc /boot/develop/hpkgsrc/devel/libffi/work/.wrapper/bin/gcc -o conftest -Wno-error -Wl,-R/boot/common/pkg/lib conftest.c -lnetwork -lroot
<.> /boot/develop/hpkgsrc/devel/libffi/work/.gcc/bin/gcc -o conftest -Wno-error -Wl,-R/boot/common/pkg/lib conftest.c -I/boot/develop/hpkgsrc/devel/libffi/work/.buildlink/include -L/boot/develop/hpkgsrc/devel/libffi/work/.buildlink/lib  -lnetwork -lroot
[*] /boot/develop/hpkgsrc/devel/libffi/work/.wrapper/bin/gcc /boot/develop/hpkgsrc/devel/libffi/work/.wrapper/bin/gcc -c -Wno-error conftest.c
<.> /boot/develop/hpkgsrc/devel/libffi/work/.gcc/bin/gcc -c -Wno-error conftest.c -I/boot/develop/hpkgsrc/devel/libffi/work/.buildlink/include -L/boot/develop/hpkgsrc/devel/libffi/work/.buildlink/lib 
[*] /boot/develop/hpkgsrc/devel/libffi/work/.wrapper/bin/gcc /boot/develop/hpkgsrc/devel/libffi/work/.wrapper/bin/gcc -c -Wno-error conftest.c
<.> /boot/develop/hpkgsrc/devel/libffi/work/.gcc/bin/gcc -c -Wno-error conftest.c -I/boot/develop/hpkgsrc/devel/libffi/work/.buildlink/include -L/boot/develop/hpkgsrc/devel/libffi/work/.buildlink/lib 
[*] /boot/develop/hpkgsrc/devel/libffi/work/.wrapper/bin/gcc /boot/develop/hpkgsrc/devel/libffi/work/.wrapper/bin/gcc -c -Wno-error conftest.c
<.> /boot/develop/hpkgsrc/devel/libffi/work/.gcc/bin/gcc -c -Wno-error conftest.c -I/boot/develop/hpkgsrc/devel/libffi/work/.buildlink/include -L/boot/develop/hpkgsrc/devel/libffi/work/.buildlink/lib 
[*] /boot/develop/hpkgsrc/devel/libffi/work/.wrapper/bin/gcc /boot/develop/hpkgsrc/devel/libffi/work/.wrapper/bin/gcc -c -Wno-error conftest.c
<.> /boot/develop/hpkgsrc/devel/libffi/work/.gcc/bin/gcc -c -Wno-error conftest.c -I/boot/develop/hpkgsrc/devel/libffi/work/.buildlink/include -L/boot/develop/hpkgsrc/devel/libffi/work/.buildlink/lib 
[*] /boot/develop/hpkgsrc/devel/libffi/work/.wrapper/bin/gcc /boot/develop/hpkgsrc/devel/libffi/work/.wrapper/bin/gcc -c -Wno-error conftest.c
<.> /boot/develop/hpkgsrc/devel/libffi/work/.gcc/bin/gcc -c -Wno-error conftest.c -I/boot/develop/hpkgsrc/devel/libffi/work/.buildlink/include -L/boot/develop/hpkgsrc/devel/libffi/work/.buildlink/lib 
[*] /boot/develop/hpkgsrc/devel/libffi/work/.wrapper/bin/gcc /boot/develop/hpkgsrc/devel/libffi/work/.wrapper/bin/gcc -c -Wno-error conftest.c
<.> /boot/develop/hpkgsrc/devel/libffi/work/.gcc/bin/gcc -c -Wno-error conftest.c -I/boot/develop/hpkgsrc/devel/libffi/work/.buildlink/include -L/boot/develop/hpkgsrc/devel/libffi/work/.buildlink/lib 
[*] /boot/develop/hpkgsrc/devel/libffi/work/.wrapper/bin/gcc /boot/develop/hpkgsrc/devel/libffi/work/.wrapper/bin/gcc -c -Wno-error conftest.c
<.> /boot/develop/hpkgsrc/devel/libffi/work/.gcc/bin/gcc -c -Wno-error conftest.c -I/boot/develop/hpkgsrc/devel/libffi/work/.buildlink/include -L/boot/develop/hpkgsrc/devel/libffi/work/.buildlink/lib 
[*] /boot/develop/hpkgsrc/devel/libffi/work/.wrapper/bin/gcc /boot/develop/hpkgsrc/devel/libffi/work/.wrapper/bin/gcc -c -Wno-error conftest.c
<.> /boot/develop/hpkgsrc/devel/libffi/work/.gcc/bin/gcc -c -Wno-error conftest.c -I/boot/develop/hpkgsrc/devel/libffi/work/.buildlink/include -L/boot/develop/hpkgsrc/devel/libffi/work/.buildlink/lib 
[*] /boot/develop/hpkgsrc/devel/libffi/work/.wrapper/bin/gcc /boot/develop/hpkgsrc/devel/libffi/work/.wrapper/bin/gcc -c -Wno-error conftest.c
<.> /boot/develop/hpkgsrc/devel/libffi/work/.gcc/bin/gcc -c -Wno-error conftest.c -I/boot/develop/hpkgsrc/devel/libffi/work/.buildlink/include -L/boot/develop/hpkgsrc/devel/libffi/work/.buildlink/lib 
[*] /boot/develop/hpkgsrc/devel/libffi/work/.wrapper/bin/gcc /boot/develop/hpkgsrc/devel/libffi/work/.wrapper/bin/gcc -c -Wno-error conftest.c
<.> /boot/develop/hpkgsrc/devel/libffi/work/.gcc/bin/gcc -c -Wno-error conftest.c -I/boot/develop/hpkgsrc/devel/libffi/work/.buildlink/include -L/boot/develop/hpkgsrc/devel/libffi/work/.buildlink/lib 
[*] /boot/develop/hpkgsrc/devel/libffi/work/.tools/bin/mkdir .libs
<.> /bin/mkdir -p .libs
[*] /boot/develop/hpkgsrc/devel/libffi/work/.wrapper/bin/gcc /boot/develop/hpkgsrc/devel/libffi/work/.wrapper/bin/gcc -c -Wno-error conftest.c
<.> /boot/develop/hpkgsrc/devel/libffi/work/.gcc/bin/gcc -c -Wno-error conftest.c -I/boot/develop/hpkgsrc/devel/libffi/work/.buildlink/include -L/boot/develop/hpkgsrc/devel/libffi/work/.buildlink/lib 
[*] /boot/develop/hpkgsrc/devel/libffi/work/.wrapper/bin/gcc /boot/develop/hpkgsrc/devel/libffi/work/.wrapper/bin/gcc -o conftest -Wno-error -Wl,-R/boot/common/pkg/lib conftest.c -lnetwork -lroot
<.> /boot/develop/hpkgsrc/devel/libffi/work/.gcc/bin/gcc -o conftest -Wno-error -Wl,-R/boot/common/pkg/lib conftest.c -I/boot/develop/hpkgsrc/devel/libffi/work/.buildlink/include -L/boot/develop/hpkgsrc/devel/libffi/work/.buildlink/lib  -lnetwork -lroot
[*] /boot/develop/hpkgsrc/devel/libffi/work/.wrapper/bin/gcc /boot/develop/hpkgsrc/devel/libffi/work/.wrapper/bin/gcc -c -Wno-error -fno-rtti -fno-exceptions conftest.c
<.> /boot/develop/hpkgsrc/devel/libffi/work/.gcc/bin/gcc -c -Wno-error -fno-rtti -fno-exceptions conftest.c -I/boot/develop/hpkgsrc/devel/libffi/work/.buildlink/include -L/boot/develop/hpkgsrc/devel/libffi/work/.buildlink/lib 
[*] /boot/develop/hpkgsrc/devel/libffi/work/.wrapper/bin/gcc /boot/develop/hpkgsrc/devel/libffi/work/.wrapper/bin/gcc -c -Wno-error -fPIC -DPIC -DPIC conftest.c
<.> /boot/develop/hpkgsrc/devel/libffi/work/.gcc/bin/gcc -c -Wno-error -fPIC -DPIC conftest.c -I/boot/develop/hpkgsrc/devel/libffi/work/.buildlink/include -L/boot/develop/hpkgsrc/devel/libffi/work/.buildlink/lib 
[*] /boot/develop/hpkgsrc/devel/libffi/work/.wrapper/bin/gcc /boot/develop/hpkgsrc/devel/libffi/work/.wrapper/bin/gcc -o conftest -Wno-error -Wl,-R/boot/common/pkg/lib -static conftest.c -lnetwork -lroot
<.> /boot/develop/hpkgsrc/devel/libffi/work/.gcc/bin/gcc -o conftest -Wno-error -Wl,-R/boot/common/pkg/lib -static conftest.c -I/boot/develop/hpkgsrc/devel/libffi/work/.buildlink/include -L/boot/develop/hpkgsrc/devel/libffi/work/.buildlink/lib  -lnetwork -lroot
[*] /boot/develop/hpkgsrc/devel/libffi/work/.tools/bin/mkdir conftest
<.> /bin/mkdir -p conftest
[*] /boot/develop/hpkgsrc/devel/libffi/work/.tools/bin/mkdir out
<.> /bin/mkdir -p out
[*] /boot/develop/hpkgsrc/devel/libffi/work/.wrapper/bin/gcc /boot/develop/hpkgsrc/devel/libffi/work/.wrapper/bin/gcc -c -Wno-error -o out/conftest2.o conftest.c
<.> /boot/develop/hpkgsrc/devel/libffi/work/.gcc/bin/gcc -c -Wno-error -o out/conftest2.o conftest.c -I/boot/develop/hpkgsrc/devel/libffi/work/.buildlink/include -L/boot/develop/hpkgsrc/devel/libffi/work/.buildlink/lib 
[*] /boot/develop/hpkgsrc/devel/libffi/work/.wrapper/bin/gcc /boot/develop/hpkgsrc/devel/libffi/work/.wrapper/bin/gcc -c -Wno-error conftest.c
<.> /boot/develop/hpkgsrc/devel/libffi/work/.gcc/bin/gcc -c -Wno-error conftest.c -I/boot/develop/hpkgsrc/devel/libffi/work/.buildlink/include -L/boot/develop/hpkgsrc/devel/libffi/work/.buildlink/lib 
[*] /boot/develop/hpkgsrc/devel/libffi/work/.wrapper/bin/gcc /boot/develop/hpkgsrc/devel/libffi/work/.wrapper/bin/gcc -shared conftest.o -v -Wl,-soname -Wl,conftest -o conftest
<.> /boot/develop/hpkgsrc/devel/libffi/work/.gcc/bin/gcc -shared conftest.o -v -Wl,-soname -Wl,conftest -o conftest 
[*] /boot/develop/hpkgsrc/devel/libffi/work/.wrapper/bin/gcc /boot/develop/hpkgsrc/devel/libffi/work/.wrapper/bin/gcc -print-search-dirs
<.> /boot/develop/hpkgsrc/devel/libffi/work/.gcc/bin/gcc -print-search-dirs -I/boot/develop/hpkgsrc/devel/libffi/work/.buildlink/include -L/boot/develop/hpkgsrc/devel/libffi/work/.buildlink/lib 
[*] /boot/develop/hpkgsrc/devel/libffi/work/.wrapper/bin/gcc /boot/develop/hpkgsrc/devel/libffi/work/.wrapper/bin/gcc -Wno-error -Wl,-R/boot/common/pkg/lib -print-multi-os-directory
WARNING: [transform-gcc] passing unknown option -print-multi-os-directory
<.> /boot/develop/hpkgsrc/devel/libffi/work/.gcc/bin/gcc -Wno-error -Wl,-R/boot/common/pkg/lib -print-multi-os-directory -I/boot/develop/hpkgsrc/devel/libffi/work/.buildlink/include -L/boot/develop/hpkgsrc/devel/libffi/work/.buildlink/lib 
[*] /boot/develop/hpkgsrc/devel/libffi/work/.wrapper/bin/gcc /boot/develop/hpkgsrc/devel/libffi/work/.wrapper/bin/gcc -c -Wno-error conftest.c
<.> /boot/develop/hpkgsrc/devel/libffi/work/.gcc/bin/gcc -c -Wno-error conftest.c -I/boot/develop/hpkgsrc/devel/libffi/work/.buildlink/include -L/boot/develop/hpkgsrc/devel/libffi/work/.buildlink/lib 
[*] /boot/develop/hpkgsrc/devel/libffi/work/.wrapper/bin/gcc /boot/develop/hpkgsrc/devel/libffi/work/.wrapper/bin/gcc -E conftest.c
<.> /boot/develop/hpkgsrc/devel/libffi/work/.gcc/bin/gcc -E conftest.c -I/boot/develop/hpkgsrc/devel/libffi/work/.buildlink/include -L/boot/develop/hpkgsrc/devel/libffi/work/.buildlink/lib 
[*] /boot/develop/hpkgsrc/devel/libffi/work/.wrapper/bin/gcc /boot/develop/hpkgsrc/devel/libffi/work/.wrapper/bin/gcc -o conftest -Wno-error -Wl,-R/boot/common/pkg/lib conftest.c -lnetwork -lroot
<.> /boot/develop/hpkgsrc/devel/libffi/work/.gcc/bin/gcc -o conftest -Wno-error -Wl,-R/boot/common/pkg/lib conftest.c -I/boot/develop/hpkgsrc/devel/libffi/work/.buildlink/include -L/boot/develop/hpkgsrc/devel/libffi/work/.buildlink/lib  -lnetwork -lroot
[*] /boot/develop/hpkgsrc/devel/libffi/work/.wrapper/bin/gcc /boot/develop/hpkgsrc/devel/libffi/work/.wrapper/bin/gcc -c -Wno-error conftest.c
<.> /boot/develop/hpkgsrc/devel/libffi/work/.gcc/bin/gcc -c -Wno-error conftest.c -I/boot/develop/hpkgsrc/devel/libffi/work/.buildlink/include -L/boot/develop/hpkgsrc/devel/libffi/work/.buildlink/lib 
[*] /boot/develop/hpkgsrc/devel/libffi/work/.wrapper/bin/gcc /boot/develop/hpkgsrc/devel/libffi/work/.wrapper/bin/gcc -o conftest -Wno-error -Wl,-R/boot/common/pkg/lib conftest.c -lnetwork -lroot
<.> /boot/develop/hpkgsrc/devel/libffi/work/.gcc/bin/gcc -o conftest -Wno-error -Wl,-R/boot/common/pkg/lib conftest.c -I/boot/develop/hpkgsrc/devel/libffi/work/.buildlink/include -L/boot/develop/hpkgsrc/devel/libffi/work/.buildlink/lib  -lnetwork -lroot
[*] /boot/develop/hpkgsrc/devel/libffi/work/.wrapper/bin/gcc /boot/develop/hpkgsrc/devel/libffi/work/.wrapper/bin/gcc -o conftest -Wno-error -Wl,-R/boot/common/pkg/lib conftest.c -lnetwork -lroot
<.> /boot/develop/hpkgsrc/devel/libffi/work/.gcc/bin/gcc -o conftest -Wno-error -Wl,-R/boot/common/pkg/lib conftest.c -I/boot/develop/hpkgsrc/devel/libffi/work/.buildlink/include -L/boot/develop/hpkgsrc/devel/libffi/work/.buildlink/lib  -lnetwork -lroot
[*] /boot/develop/hpkgsrc/devel/libffi/work/.wrapper/bin/gcc /boot/develop/hpkgsrc/devel/libffi/work/.wrapper/bin/gcc -o conftest -Wno-error -Wl,-R/boot/common/pkg/lib conftest.c -lnetwork -lroot
<.> /boot/develop/hpkgsrc/devel/libffi/work/.gcc/bin/gcc -o conftest -Wno-error -Wl,-R/boot/common/pkg/lib conftest.c -I/boot/develop/hpkgsrc/devel/libffi/work/.buildlink/include -L/boot/develop/hpkgsrc/devel/libffi/work/.buildlink/lib  -lnetwork -lroot
[*] /boot/develop/hpkgsrc/devel/libffi/work/.wrapper/bin/gcc /boot/develop/hpkgsrc/devel/libffi/work/.wrapper/bin/gcc -o conftest -Wno-error -Wl,-R/boot/common/pkg/lib conftest.c -lnetwork -lroot
<.> /boot/develop/hpkgsrc/devel/libffi/work/.gcc/bin/gcc -o conftest -Wno-error -Wl,-R/boot/common/pkg/lib conftest.c -I/boot/develop/hpkgsrc/devel/libffi/work/.buildlink/include -L/boot/develop/hpkgsrc/devel/libffi/work/.buildlink/lib  -lnetwork -lroot
[*] /boot/develop/hpkgsrc/devel/libffi/work/.wrapper/bin/gcc /boot/develop/hpkgsrc/devel/libffi/work/.wrapper/bin/gcc -o conftest -Wno-error -Wl,-R/boot/common/pkg/lib conftest.c -lnetwork -lroot
<.> /boot/develop/hpkgsrc/devel/libffi/work/.gcc/bin/gcc -o conftest -Wno-error -Wl,-R/boot/common/pkg/lib conftest.c -I/boot/develop/hpkgsrc/devel/libffi/work/.buildlink/include -L/boot/develop/hpkgsrc/devel/libffi/work/.buildlink/lib  -lnetwork -lroot
[*] /boot/develop/hpkgsrc/devel/libffi/work/.wrapper/bin/gcc /boot/develop/hpkgsrc/devel/libffi/work/.wrapper/bin/gcc -c -Wno-error conftest.c
<.> /boot/develop/hpkgsrc/devel/libffi/work/.gcc/bin/gcc -c -Wno-error conftest.c -I/boot/develop/hpkgsrc/devel/libffi/work/.buildlink/include -L/boot/develop/hpkgsrc/devel/libffi/work/.buildlink/lib 
[*] /boot/develop/hpkgsrc/devel/libffi/work/.wrapper/bin/gcc /boot/develop/hpkgsrc/devel/libffi/work/.wrapper/bin/gcc -c -Wno-error conftest.c
<.> /boot/develop/hpkgsrc/devel/libffi/work/.gcc/bin/gcc -c -Wno-error conftest.c -I/boot/develop/hpkgsrc/devel/libffi/work/.buildlink/include -L/boot/develop/hpkgsrc/devel/libffi/work/.buildlink/lib 
[*] /boot/develop/hpkgsrc/devel/libffi/work/.wrapper/bin/gcc /boot/develop/hpkgsrc/devel/libffi/work/.wrapper/bin/gcc -c -Wno-error conftest.c
<.> /boot/develop/hpkgsrc/devel/libffi/work/.gcc/bin/gcc -c -Wno-error conftest.c -I/boot/develop/hpkgsrc/devel/libffi/work/.buildlink/include -L/boot/develop/hpkgsrc/devel/libffi/work/.buildlink/lib 
[*] /boot/develop/hpkgsrc/devel/libffi/work/.wrapper/bin/gcc /boot/develop/hpkgsrc/devel/libffi/work/.wrapper/bin/gcc -o conftest -Wno-error -Wl,-R/boot/common/pkg/lib conftest.c -lnetwork -lroot
<.> /boot/develop/hpkgsrc/devel/libffi/work/.gcc/bin/gcc -o conftest -Wno-error -Wl,-R/boot/common/pkg/lib conftest.c -I/boot/develop/hpkgsrc/devel/libffi/work/.buildlink/include -L/boot/develop/hpkgsrc/devel/libffi/work/.buildlink/lib  -lnetwork -lroot
[*] /boot/develop/hpkgsrc/devel/libffi/work/.wrapper/bin/gcc /boot/develop/hpkgsrc/devel/libffi/work/.wrapper/bin/gcc -c -Wno-error conftest.c
<.> /boot/develop/hpkgsrc/devel/libffi/work/.gcc/bin/gcc -c -Wno-error conftest.c -I/boot/develop/hpkgsrc/devel/libffi/work/.buildlink/include -L/boot/develop/hpkgsrc/devel/libffi/work/.buildlink/lib 
[*] /boot/develop/hpkgsrc/devel/libffi/work/.wrapper/bin/gcc /boot/develop/hpkgsrc/devel/libffi/work/.wrapper/bin/gcc -Wno-error -c conftest.s
<.> /boot/develop/hpkgsrc/devel/libffi/work/.gcc/bin/gcc -Wno-error -c conftest.s -I/boot/develop/hpkgsrc/devel/libffi/work/.buildlink/include -L/boot/develop/hpkgsrc/devel/libffi/work/.buildlink/lib 
[*] /boot/develop/hpkgsrc/devel/libffi/work/.wrapper/bin/gcc /boot/develop/hpkgsrc/devel/libffi/work/.wrapper/bin/gcc -Wno-error -S -fpic -fexceptions -o conftest.s conftest.c
<.> /boot/develop/hpkgsrc/devel/libffi/work/.gcc/bin/gcc -Wno-error -S -fpic -fexceptions -o conftest.s conftest.c -I/boot/develop/hpkgsrc/devel/libffi/work/.buildlink/include -L/boot/develop/hpkgsrc/devel/libffi/work/.buildlink/lib 
[*] /boot/develop/hpkgsrc/devel/libffi/work/.wrapper/bin/gcc /boot/develop/hpkgsrc/devel/libffi/work/.wrapper/bin/gcc -Werror -S conftest.c -o conftest.s
<.> /boot/develop/hpkgsrc/devel/libffi/work/.gcc/bin/gcc -Werror -S conftest.c -o conftest.s -I/boot/develop/hpkgsrc/devel/libffi/work/.buildlink/include -L/boot/develop/hpkgsrc/devel/libffi/work/.buildlink/lib 
[*] /boot/develop/hpkgsrc/devel/libffi/work/.wrapper/bin/gcc /boot/develop/hpkgsrc/devel/libffi/work/.wrapper/bin/gcc -print-multi-os-directory
WARNING: [transform-gcc] passing unknown option -print-multi-os-directory
<.> /boot/develop/hpkgsrc/devel/libffi/work/.gcc/bin/gcc -print-multi-os-directory -I/boot/develop/hpkgsrc/devel/libffi/work/.buildlink/include -L/boot/develop/hpkgsrc/devel/libffi/work/.buildlink/lib 
[*] /boot/develop/hpkgsrc/devel/libffi/work/.tools/bin/mkdir conf92225.dir
<.> /bin/mkdir -p conf92225.dir
[*] /boot/develop/hpkgsrc/devel/libffi/work/.tools/bin/mkdir -p .
<.> /bin/mkdir -p -p .
[*] /boot/develop/hpkgsrc/devel/libffi/work/.tools/bin/mkdir -p ./src/.deps
<.> /bin/mkdir -p -p ./src/.deps
[*] /boot/develop/hpkgsrc/devel/libffi/work/.tools/bin/mkdir -p ./src/alpha/.deps
<.> /bin/mkdir -p -p ./src/alpha/.deps
[*] /boot/develop/hpkgsrc/devel/libffi/work/.tools/bin/mkdir -p ./src/arm/.deps
<.> /bin/mkdir -p -p ./src/arm/.deps
[*] /boot/develop/hpkgsrc/devel/libffi/work/.tools/bin/mkdir -p ./src/avr32/.deps
<.> /bin/mkdir -p -p ./src/avr32/.deps
[*] /boot/develop/hpkgsrc/devel/libffi/work/.tools/bin/mkdir -p ./src/cris/.deps
<.> /bin/mkdir -p -p ./src/cris/.deps
[*] /boot/develop/hpkgsrc/devel/libffi/work/.tools/bin/mkdir -p ./src/frv/.deps
<.> /bin/mkdir -p -p ./src/frv/.deps
[*] /boot/develop/hpkgsrc/devel/libffi/work/.tools/bin/mkdir -p ./src/ia64/.deps
<.> /bin/mkdir -p -p ./src/ia64/.deps
[*] /boot/develop/hpkgsrc/devel/libffi/work/.tools/bin/mkdir -p ./src/m32r/.deps
<.> /bin/mkdir -p -p ./src/m32r/.deps
[*] /boot/develop/hpkgsrc/devel/libffi/work/.tools/bin/mkdir -p ./src/m68k/.deps
<.> /bin/mkdir -p -p ./src/m68k/.deps
[*] /boot/develop/hpkgsrc/devel/libffi/work/.tools/bin/mkdir -p ./src/mips/.deps
<.> /bin/mkdir -p -p ./src/mips/.deps
[*] /boot/develop/hpkgsrc/devel/libffi/work/.tools/bin/mkdir -p ./src/pa/.deps
<.> /bin/mkdir -p -p ./src/pa/.deps
[*] /boot/develop/hpkgsrc/devel/libffi/work/.tools/bin/mkdir -p ./src/powerpc/.deps
<.> /bin/mkdir -p -p ./src/powerpc/.deps
[*] /boot/develop/hpkgsrc/devel/libffi/work/.tools/bin/mkdir -p ./src/s390/.deps
<.> /bin/mkdir -p -p ./src/s390/.deps
[*] /boot/develop/hpkgsrc/devel/libffi/work/.tools/bin/mkdir -p ./src/sh/.deps
<.> /bin/mkdir -p -p ./src/sh/.deps
[*] /boot/develop/hpkgsrc/devel/libffi/work/.tools/bin/mkdir -p ./src/sh64/.deps
<.> /bin/mkdir -p -p ./src/sh64/.deps
[*] /boot/develop/hpkgsrc/devel/libffi/work/.tools/bin/mkdir -p ./src/sparc/.deps
<.> /bin/mkdir -p -p ./src/sparc/.deps
[*] /boot/develop/hpkgsrc/devel/libffi/work/.tools/bin/mkdir -p ./src/x86/.deps
<.> /bin/mkdir -p -p ./src/x86/.deps
[*] /boot/develop/hpkgsrc/devel/libffi/work/.tools/bin/true 
<.> true  
[*] /boot/develop/hpkgsrc/devel/libffi/work/.tools/bin/true 
<.> true  
[*] /boot/develop/hpkgsrc/devel/libffi/work/.tools/bin/true 
<.> true  
[*] /boot/develop/hpkgsrc/devel/libffi/work/.tools/bin/true 
<.> true  
[*] /boot/develop/hpkgsrc/devel/libffi/work/.tools/bin/true 
<.> true  
[*] /boot/develop/hpkgsrc/devel/libffi/work/.tools/bin/true 
<.> true  
[*] /boot/develop/hpkgsrc/devel/libffi/work/.tools/bin/true 
<.> true  
[*] /boot/develop/hpkgsrc/devel/libffi/work/.tools/bin/mkdir -p src
<.> /bin/mkdir -p -p src
[*] /boot/develop/hpkgsrc/devel/libffi/work/.tools/bin/mkdir -p src/.deps
<.> /bin/mkdir -p -p src/.deps
[*] /boot/develop/hpkgsrc/devel/libffi/work/.tools/bin/mkdir -p src/x86
<.> /bin/mkdir -p -p src/x86
[*] /boot/develop/hpkgsrc/devel/libffi/work/.tools/bin/mkdir -p src/x86/.deps
<.> /bin/mkdir -p -p src/x86/.deps
[*] /boot/develop/hpkgsrc/devel/libffi/work/.wrapper/bin/libtool /boot/develop/hpkgsrc/devel/libffi/work/.wrapper/bin/libtool --tag=CC --mode=compile gcc -DHAVE_CONFIG_H -I. -I. -I./include -Iinclude -I./src -Wall -g -fexceptions -Wno-error -MT src/debug.lo -MD -MP -MF src/.deps/debug.Tpo -c -o src/debug.lo src/debug.c
[*] /boot/develop/hpkgsrc/devel/libffi/work/.wrapper/bin/libtool /boot/develop/hpkgsrc/devel/libffi/work/.wrapper/bin/libtool --tag=CC --mode=compile gcc -DHAVE_CONFIG_H -I. -I. -I./include -Iinclude -I./src -Wall -g -fexceptions -Wno-error -MT src/prep_cif.lo -MD -MP -MF src/.deps/prep_cif.Tpo -c -o src/prep_cif.lo src/prep_cif.c
<.> /boot/common/pkg/bin/libtool --tag=CC --mode=compile gcc -DHAVE_CONFIG_H -I. -I./include -Iinclude -I./src -Wall -g -fexceptions -Wno-error -MT src/prep_cif.lo -MD -MP -MF src/.deps/prep_cif.Tpo -c -o src/prep_cif.lo src/prep_cif.c 
<.> /boot/common/pkg/bin/libtool --tag=CC --mode=compile gcc -DHAVE_CONFIG_H -I. -I./include -Iinclude -I./src -Wall -g -fexceptions -Wno-error -MT src/debug.lo -MD -MP -MF src/.deps/debug.Tpo -c -o src/debug.lo src/debug.c 
[*] /boot/develop/hpkgsrc/devel/libffi/work/.wrapper/bin/gcc /boot/develop/hpkgsrc/devel/libffi/work/.wrapper/bin/gcc -DHAVE_CONFIG_H -I. -I./include -Iinclude -I./src -Wall -g -fexceptions -Wno-error -MT src/prep_cif.lo -MD -MP -MF src/.deps/prep_cif.Tpo -c src/prep_cif.c -o src/prep_cif.o
[*] /boot/develop/hpkgsrc/devel/libffi/work/.wrapper/bin/gcc /boot/develop/hpkgsrc/devel/libffi/work/.wrapper/bin/gcc -DHAVE_CONFIG_H -I. -I./include -Iinclude -I./src -Wall -g -fexceptions -Wno-error -MT src/debug.lo -MD -MP -MF src/.deps/debug.Tpo -c src/debug.c -o src/debug.o
<.> /boot/develop/hpkgsrc/devel/libffi/work/.gcc/bin/gcc -DHAVE_CONFIG_H -I. -I./include -Iinclude -I./src -Wall -g -fexceptions -Wno-error -MT src/prep_cif.lo -MD -MP -MF src/.deps/prep_cif.Tpo -c src/prep_cif.c -o src/prep_cif.o -I/boot/develop/hpkgsrc/devel/libffi/work/.buildlink/include -L/boot/develop/hpkgsrc/devel/libffi/work/.buildlink/lib 
<.> /boot/develop/hpkgsrc/devel/libffi/work/.gcc/bin/gcc -DHAVE_CONFIG_H -I. -I./include -Iinclude -I./src -Wall -g -fexceptions -Wno-error -MT src/debug.lo -MD -MP -MF src/.deps/debug.Tpo -c src/debug.c -o src/debug.o -I/boot/develop/hpkgsrc/devel/libffi/work/.buildlink/include -L/boot/develop/hpkgsrc/devel/libffi/work/.buildlink/lib 
[*] /boot/develop/hpkgsrc/devel/libffi/work/.wrapper/bin/libtool /boot/develop/hpkgsrc/devel/libffi/work/.wrapper/bin/libtool --tag=CC --mode=compile gcc -DHAVE_CONFIG_H -I. -I. -I./include -Iinclude -I./src -Wall -g -fexceptions -Wno-error -MT src/types.lo -MD -MP -MF src/.deps/types.Tpo -c -o src/types.lo src/types.c
[*] /boot/develop/hpkgsrc/devel/libffi/work/.wrapper/bin/libtool /boot/develop/hpkgsrc/devel/libffi/work/.wrapper/bin/libtool --tag=CC --mode=compile gcc -DHAVE_CONFIG_H -I. -I. -I./include -Iinclude -I./src -Wall -g -fexceptions -Wno-error -MT src/raw_api.lo -MD -MP -MF src/.deps/raw_api.Tpo -c -o src/raw_api.lo src/raw_api.c
<.> /boot/common/pkg/bin/libtool --tag=CC --mode=compile gcc -DHAVE_CONFIG_H -I. -I./include -Iinclude -I./src -Wall -g -fexceptions -Wno-error -MT src/types.lo -MD -MP -MF src/.deps/types.Tpo -c -o src/types.lo src/types.c 
<.> /boot/common/pkg/bin/libtool --tag=CC --mode=compile gcc -DHAVE_CONFIG_H -I. -I./include -Iinclude -I./src -Wall -g -fexceptions -Wno-error -MT src/raw_api.lo -MD -MP -MF src/.deps/raw_api.Tpo -c -o src/raw_api.lo src/raw_api.c 
[*] /boot/develop/hpkgsrc/devel/libffi/work/.wrapper/bin/gcc /boot/develop/hpkgsrc/devel/libffi/work/.wrapper/bin/gcc -DHAVE_CONFIG_H -I. -I./include -Iinclude -I./src -Wall -g -fexceptions -Wno-error -MT src/raw_api.lo -MD -MP -MF src/.deps/raw_api.Tpo -c src/raw_api.c -o src/raw_api.o
<.> /boot/develop/hpkgsrc/devel/libffi/work/.gcc/bin/gcc -DHAVE_CONFIG_H -I. -I./include -Iinclude -I./src -Wall -g -fexceptions -Wno-error -MT src/raw_api.lo -MD -MP -MF src/.deps/raw_api.Tpo -c src/raw_api.c -o src/raw_api.o -I/boot/develop/hpkgsrc/devel/libffi/work/.buildlink/include -L/boot/develop/hpkgsrc/devel/libffi/work/.buildlink/lib 
<.> /boot/develop/hpkgsrc/devel/libffi/work/.gcc/bin/gcc -DHAVE_CONFIG_H -I. -I./include -Iinclude -I./src -Wall -g -fexceptions -Wno-error -MT src/types.lo -MD -MP -MF src/.deps/types.Tpo -c src/types.c -o src/types.o -I/boot/develop/hpkgsrc/devel/libffi/work/.buildlink/include -L/boot/develop/hpkgsrc/devel/libffi/work/.buildlink/lib 
[*] /boot/develop/hpkgsrc/devel/libffi/work/.wrapper/bin/libtool /boot/develop/hpkgsrc/devel/libffi/work/.wrapper/bin/libtool --tag=CC --mode=compile gcc -DHAVE_CONFIG_H -I. -I. -I./include -Iinclude -I./src -Wall -g -fexceptions -Wno-error -MT src/java_raw_api.lo -MD -MP -MF src/.deps/java_raw_api.Tpo -c -o src/java_raw_api.lo src/java_raw_api.c
[*] /boot/develop/hpkgsrc/devel/libffi/work/.wrapper/bin/libtool /boot/develop/hpkgsrc/devel/libffi/work/.wrapper/bin/libtool --tag=CC --mode=compile gcc -DHAVE_CONFIG_H -I. -I. -I./include -Iinclude -I./src -Wall -g -fexceptions -Wno-error -MT src/closures.lo -MD -MP -MF src/.deps/closures.Tpo -c -o src/closures.lo src/closures.c
<.> /boot/common/pkg/bin/libtool --tag=CC --mode=compile gcc -DHAVE_CONFIG_H -I. -I./include -Iinclude -I./src -Wall -g -fexceptions -Wno-error -MT src/java_raw_api.lo -MD -MP -MF src/.deps/java_raw_api.Tpo -c -o src/java_raw_api.lo src/java_raw_api.c 
<.> /boot/common/pkg/bin/libtool --tag=CC --mode=compile gcc -DHAVE_CONFIG_H -I. -I./include -Iinclude -I./src -Wall -g -fexceptions -Wno-error -MT src/closures.lo -MD -MP -MF src/.deps/closures.Tpo -c -o src/closures.lo src/closures.c 
[*] /boot/develop/hpkgsrc/devel/libffi/work/.wrapper/bin/gcc /boot/develop/hpkgsrc/devel/libffi/work/.wrapper/bin/gcc -DHAVE_CONFIG_H -I. -I./include -Iinclude -I./src -Wall -g -fexceptions -Wno-error -MT src/java_raw_api.lo -MD -MP -MF src/.deps/java_raw_api.Tpo -c src/java_raw_api.c -o src/java_raw_api.o
[*] /boot/develop/hpkgsrc/devel/libffi/work/.wrapper/bin/gcc /boot/develop/hpkgsrc/devel/libffi/work/.wrapper/bin/gcc -DHAVE_CONFIG_H -I. -I./include -Iinclude -I./src -Wall -g -fexceptions -Wno-error -MT src/closures.lo -MD -MP -MF src/.deps/closures.Tpo -c src/closures.c -o src/closures.o
<.> /boot/develop/hpkgsrc/devel/libffi/work/.gcc/bin/gcc -DHAVE_CONFIG_H -I. -I./include -Iinclude -I./src -Wall -g -fexceptions -Wno-error -MT src/java_raw_api.lo -MD -MP -MF src/.deps/java_raw_api.Tpo -c src/java_raw_api.c -o src/java_raw_api.o -I/boot/develop/hpkgsrc/devel/libffi/work/.buildlink/include -L/boot/develop/hpkgsrc/devel/libffi/work/.buildlink/lib 
<.> /boot/develop/hpkgsrc/devel/libffi/work/.gcc/bin/gcc -DHAVE_CONFIG_H -I. -I./include -Iinclude -I./src -Wall -g -fexceptions -Wno-error -MT src/closures.lo -MD -MP -MF src/.deps/closures.Tpo -c src/closures.c -o src/closures.o -I/boot/develop/hpkgsrc/devel/libffi/work/.buildlink/include -L/boot/develop/hpkgsrc/devel/libffi/work/.buildlink/lib 
[*] /boot/develop/hpkgsrc/devel/libffi/work/.wrapper/bin/libtool /boot/develop/hpkgsrc/devel/libffi/work/.wrapper/bin/libtool --mode=compile gcc -DHAVE_CONFIG_H -I. -I. -I./include -Iinclude -I./src -I. -I./include -Iinclude -I./src -Wno-error -MT src/x86/sysv.lo -MD -MP -MF src/x86/.deps/sysv.Tpo -c -o src/x86/sysv.lo src/x86/sysv.S
[*] /boot/develop/hpkgsrc/devel/libffi/work/.wrapper/bin/libtool /boot/develop/hpkgsrc/devel/libffi/work/.wrapper/bin/libtool --tag=CC --mode=compile gcc -DHAVE_CONFIG_H -I. -I. -I./include -Iinclude -I./src -Wall -g -fexceptions -Wno-error -MT src/x86/ffi.lo -MD -MP -MF src/x86/.deps/ffi.Tpo -c -o src/x86/ffi.lo src/x86/ffi.c
<.> /boot/common/pkg/bin/libtool --mode=compile gcc -DHAVE_CONFIG_H -I. -I./include -Iinclude -I./src -Wno-error -MT src/x86/sysv.lo -MD -MP -MF src/x86/.deps/sysv.Tpo -c -o src/x86/sysv.lo src/x86/sysv.S 
<.> /boot/common/pkg/bin/libtool --tag=CC --mode=compile gcc -DHAVE_CONFIG_H -I. -I./include -Iinclude -I./src -Wall -g -fexceptions -Wno-error -MT src/x86/ffi.lo -MD -MP -MF src/x86/.deps/ffi.Tpo -c -o src/x86/ffi.lo src/x86/ffi.c 
[*] /boot/develop/hpkgsrc/devel/libffi/work/.wrapper/bin/gcc /boot/develop/hpkgsrc/devel/libffi/work/.wrapper/bin/gcc -DHAVE_CONFIG_H -I. -I./include -Iinclude -I./src -Wno-error -MT src/x86/sysv.lo -MD -MP -MF src/x86/.deps/sysv.Tpo -c src/x86/sysv.S -o src/x86/sysv.o
[*] /boot/develop/hpkgsrc/devel/libffi/work/.wrapper/bin/gcc /boot/develop/hpkgsrc/devel/libffi/work/.wrapper/bin/gcc -DHAVE_CONFIG_H -I. -I./include -Iinclude -I./src -Wall -g -fexceptions -Wno-error -MT src/x86/ffi.lo -MD -MP -MF src/x86/.deps/ffi.Tpo -c src/x86/ffi.c -o src/x86/ffi.o
<.> /boot/develop/hpkgsrc/devel/libffi/work/.gcc/bin/gcc -DHAVE_CONFIG_H -I. -I./include -Iinclude -I./src -Wno-error -MT src/x86/sysv.lo -MD -MP -MF src/x86/.deps/sysv.Tpo -c src/x86/sysv.S -o src/x86/sysv.o -I/boot/develop/hpkgsrc/devel/libffi/work/.buildlink/include -L/boot/develop/hpkgsrc/devel/libffi/work/.buildlink/lib 
<.> /boot/develop/hpkgsrc/devel/libffi/work/.gcc/bin/gcc -DHAVE_CONFIG_H -I. -I./include -Iinclude -I./src -Wall -g -fexceptions -Wno-error -MT src/x86/ffi.lo -MD -MP -MF src/x86/.deps/ffi.Tpo -c src/x86/ffi.c -o src/x86/ffi.o -I/boot/develop/hpkgsrc/devel/libffi/work/.buildlink/include -L/boot/develop/hpkgsrc/devel/libffi/work/.buildlink/lib 
[*] /boot/develop/hpkgsrc/devel/libffi/work/.wrapper/bin/libtool /boot/develop/hpkgsrc/devel/libffi/work/.wrapper/bin/libtool --tag=CC --mode=link gcc -Wall -g -fexceptions -Wno-error -Wl,-R/boot/common/pkg/lib -o libffi_convenience.la src/debug.lo src/prep_cif.lo src/types.lo src/raw_api.lo src/java_raw_api.lo src/closures.lo src/x86/ffi.lo src/x86/sysv.lo -lnetwork -lroot
.lo src/x86/sysv.lo -lnetwork -lroot
<.> /boot/common/pkg/bin/libtool --tag=CC --mode=link gcc -Wall -g -fexceptions -Wno-error -Wl,-R/boot/common/pkg/lib -o libffi_convenience.la src/debug.lo src/prep_cif.lo src/types.lo src/raw_api.lo src/java_raw_api.lo src/closures.lo src/x86/ffi.lo src/x86/sysv.lo -lnetwork -lroot -L/boot/develop/hpkgsrc/devel/libffi/work/.buildlink/lib 
<.> /boot/common/pkg/bin/libtool --tag=CC --mode=link gcc -Wall -g -fexceptions -Wno-error -version-info 5:10:0 -Wl,-R/boot/common/pkg/lib -o libffi.la -rpath /boot/common/pkg/lib src/debug.lo src/prep_cif.lo src/types.lo src/raw_api.lo src/java_raw_api.lo src/closures.lo src/x86/ffi.lo src/x86/sysv.lo -lnetwork -lroot -L/boot/develop/hpkgsrc/devel/libffi/work/.buildlink/lib 
[*] /boot/develop/hpkgsrc/devel/libffi/work/.tools/bin/mkdir .libs
<.> /bin/mkdir -p .libs
==> Fixed libffi_convenience.la
==> Fixed libffi.la
==> Fixed ./.libs/libffi.lai
[*] /boot/develop/hpkgsrc/devel/libffi/work/.tools/bin/true 
<.> true  
[*] /boot/develop/hpkgsrc/devel/libffi/work/.tools/bin/true 
<.> true  
[*] /boot/develop/hpkgsrc/devel/libffi/work/.tools/bin/true 
<.> true  
[*] /boot/develop/hpkgsrc/devel/libffi/work/.tools/bin/true 
<.> true  
[*] /boot/develop/hpkgsrc/devel/libffi/work/.tools/bin/true 
<.> true  
[*] /boot/develop/hpkgsrc/devel/libffi/work/.tools/bin/true 
<.> true  
[*] /boot/develop/hpkgsrc/devel/libffi/work/.tools/bin/true 
<.> true  
[*] /boot/develop/hpkgsrc/devel/libffi/work/.tools/bin/true 
<.> true  
[*] /boot/develop/hpkgsrc/devel/libffi/work/.tools/bin/mkdir -p /boot/develop/hpkgsrc/devel/libffi/work/.destdir/boot/common/pkg/include
<.> /bin/mkdir -p -p /boot/develop/hpkgsrc/devel/libffi/work/.destdir/boot/common/pkg/include
[*] /boot/develop/hpkgsrc/devel/libffi/work/.tools/bin/mkdir -p /boot/develop/hpkgsrc/devel/libffi/work/.destdir/boot/common/pkg/documentation/man3
<.> /bin/mkdir -p -p /boot/develop/hpkgsrc/devel/libffi/work/.destdir/boot/common/pkg/documentation/man3
[*] /boot/develop/hpkgsrc/devel/libffi/work/.tools/bin/mkdir -p /boot/develop/hpkgsrc/devel/libffi/work/.destdir/boot/common/pkg/lib
<.> /bin/mkdir -p -p /boot/develop/hpkgsrc/devel/libffi/work/.destdir/boot/common/pkg/lib
[*] /boot/develop/hpkgsrc/devel/libffi/work/.wrapper/bin/libtool /boot/develop/hpkgsrc/devel/libffi/work/.wrapper/bin/libtool --mode=install /bin/install -c -o baron -g root libffi.la /boot/develop/hpkgsrc/devel/libffi/work/.destdir/boot/common/pkg/lib
<.> /boot/common/pkg/bin/libtool --mode=install /bin/install -c -o baron -g root libffi.la /boot/develop/hpkgsrc/devel/libffi/work/.destdir/boot/common/pkg/lib
[*] /boot/develop/hpkgsrc/devel/libffi/work/.tools/bin/mkdir -p /boot/develop/hpkgsrc/devel/libffi/work/.destdir/boot/common/pkg/info
<.> /bin/mkdir -p -p /boot/develop/hpkgsrc/devel/libffi/work/.destdir/boot/common/pkg/info
[*] /boot/develop/hpkgsrc/devel/libffi/work/.tools/bin/install-info --version
<.> exit 0
[*] /boot/develop/hpkgsrc/devel/libffi/work/.tools/bin/install-info --version
<.> exit 0
[*] /boot/develop/hpkgsrc/devel/libffi/work/.tools/bin/mkdir -p /boot/develop/hpkgsrc/devel/libffi/work/.destdir/boot/common/pkg/lib/pkgconfig
<.> /bin/mkdir -p -p /boot/develop/hpkgsrc/devel/libffi/work/.destdir/boot/common/pkg/lib/pkgconfig
[*] /boot/develop/hpkgsrc/devel/libffi/work/.tools/bin/true 
<.> true  
[*] /boot/develop/hpkgsrc/devel/libffi/work/.tools/bin/true 
<.> true  
[*] /boot/develop/hpkgsrc/devel/libffi/work/.tools/bin/true 
<.> true  
[*] /boot/develop/hpkgsrc/devel/libffi/work/.tools/bin/true 
<.> true  
