[*] /source/build/hpkgsrc/math/muparser/work/.tools/bin/true 
<.> true  
[*] /source/build/hpkgsrc/math/muparser/work/.tools/bin/true 
<.> true  
[*] /source/build/hpkgsrc/math/muparser/work/.tools/bin/true 
<.> true  
[*] /source/build/hpkgsrc/math/muparser/work/.tools/bin/true 
<.> true  
[*] /source/build/hpkgsrc/math/muparser/work/.tools/bin/true 
<.> true  
[*] /source/build/hpkgsrc/math/muparser/work/.tools/bin/true 
<.> true  
[*] /source/build/hpkgsrc/math/muparser/work/.tools/bin/true 
<.> true  
[*] /source/build/hpkgsrc/math/muparser/work/.tools/bin/true 
<.> true  
[*] /source/build/hpkgsrc/math/muparser/work/.tools/bin/true 
<.> true  
[*] /source/build/hpkgsrc/math/muparser/work/.tools/bin/true 
<.> true  
[*] /source/build/hpkgsrc/math/muparser/work/.tools/bin/true 
<.> true  
[*] /source/build/hpkgsrc/math/muparser/work/.tools/bin/true 
<.> true  
[*] /source/build/hpkgsrc/math/muparser/work/.tools/bin/true 
<.> true  
[*] /source/build/hpkgsrc/math/muparser/work/.tools/bin/true 
<.> true  
[*] /source/build/hpkgsrc/math/muparser/work/.tools/bin/true 
<.> true  
[*] /source/build/hpkgsrc/math/muparser/work/.tools/bin/true 
<.> true  
[*] /source/build/hpkgsrc/math/muparser/work/.tools/bin/true 
<.> true  
[*] /source/build/hpkgsrc/math/muparser/work/.tools/bin/true 
<.> true  
[*] /source/build/hpkgsrc/math/muparser/work/.tools/bin/true 
<.> true  
[*] /source/build/hpkgsrc/math/muparser/work/.tools/bin/true 
<.> true  
[*] /source/build/hpkgsrc/math/muparser/work/.tools/bin/true 
<.> true  
[*] /source/build/hpkgsrc/math/muparser/work/.tools/bin/true 
<.> true  
[*] /source/build/hpkgsrc/math/muparser/work/.tools/bin/mkdir conf2631.dir
<.> /bin/mkdir -p conf2631.dir
[*] /source/build/hpkgsrc/math/muparser/work/.tools/bin/mkdir -p .
<.> /bin/mkdir -p -p .
[*] /source/build/hpkgsrc/math/muparser/work/.wrapper/bin/gcc /source/build/hpkgsrc/math/muparser/work/.wrapper/bin/gcc --version
<.> /source/build/hpkgsrc/math/muparser/work/.gcc/bin/gcc --version -I/source/build/hpkgsrc/math/muparser/work/.buildlink/include -L/source/build/hpkgsrc/math/muparser/work/.buildlink/lib 
[*] /source/build/hpkgsrc/math/muparser/work/.wrapper/bin/gcc /source/build/hpkgsrc/math/muparser/work/.wrapper/bin/gcc -v
<.> /source/build/hpkgsrc/math/muparser/work/.gcc/bin/gcc -v 
[*] /source/build/hpkgsrc/math/muparser/work/.wrapper/bin/gcc /source/build/hpkgsrc/math/muparser/work/.wrapper/bin/gcc -V
<.> /source/build/hpkgsrc/math/muparser/work/.gcc/bin/gcc -V -I/source/build/hpkgsrc/math/muparser/work/.buildlink/include -L/source/build/hpkgsrc/math/muparser/work/.buildlink/lib 
[*] /source/build/hpkgsrc/math/muparser/work/.wrapper/bin/gcc /source/build/hpkgsrc/math/muparser/work/.wrapper/bin/gcc -qversion
WARNING: [transform-gcc] passing unknown option -qversion
<.> /source/build/hpkgsrc/math/muparser/work/.gcc/bin/gcc -qversion -I/source/build/hpkgsrc/math/muparser/work/.buildlink/include -L/source/build/hpkgsrc/math/muparser/work/.buildlink/lib 
[*] /source/build/hpkgsrc/math/muparser/work/.wrapper/bin/gcc /source/build/hpkgsrc/math/muparser/work/.wrapper/bin/gcc -Wl,-R/boot/common/pkg/lib conftest.c -lnetwork -lroot
<.> /source/build/hpkgsrc/math/muparser/work/.gcc/bin/gcc -Wl,-R/boot/common/pkg/lib conftest.c -I/source/build/hpkgsrc/math/muparser/work/.buildlink/include -L/source/build/hpkgsrc/math/muparser/work/.buildlink/lib  -lnetwork -lroot
[*] /source/build/hpkgsrc/math/muparser/work/.wrapper/bin/gcc /source/build/hpkgsrc/math/muparser/work/.wrapper/bin/gcc -o conftest -Wl,-R/boot/common/pkg/lib conftest.c -lnetwork -lroot
<.> /source/build/hpkgsrc/math/muparser/work/.gcc/bin/gcc -o conftest -Wl,-R/boot/common/pkg/lib conftest.c -I/source/build/hpkgsrc/math/muparser/work/.buildlink/include -L/source/build/hpkgsrc/math/muparser/work/.buildlink/lib  -lnetwork -lroot
[*] /source/build/hpkgsrc/math/muparser/work/.wrapper/bin/gcc /source/build/hpkgsrc/math/muparser/work/.wrapper/bin/gcc -c conftest.c
<.> /source/build/hpkgsrc/math/muparser/work/.gcc/bin/gcc -c conftest.c -I/source/build/hpkgsrc/math/muparser/work/.buildlink/include -L/source/build/hpkgsrc/math/muparser/work/.buildlink/lib 
[*] /source/build/hpkgsrc/math/muparser/work/.wrapper/bin/gcc /source/build/hpkgsrc/math/muparser/work/.wrapper/bin/gcc -c conftest.c
<.> /source/build/hpkgsrc/math/muparser/work/.gcc/bin/gcc -c conftest.c -I/source/build/hpkgsrc/math/muparser/work/.buildlink/include -L/source/build/hpkgsrc/math/muparser/work/.buildlink/lib 
[*] /source/build/hpkgsrc/math/muparser/work/.wrapper/bin/gcc /source/build/hpkgsrc/math/muparser/work/.wrapper/bin/gcc -c -g conftest.c
<.> /source/build/hpkgsrc/math/muparser/work/.gcc/bin/gcc -c -g conftest.c -I/source/build/hpkgsrc/math/muparser/work/.buildlink/include -L/source/build/hpkgsrc/math/muparser/work/.buildlink/lib 
[*] /source/build/hpkgsrc/math/muparser/work/.wrapper/bin/gcc /source/build/hpkgsrc/math/muparser/work/.wrapper/bin/gcc -c conftest.c
<.> /source/build/hpkgsrc/math/muparser/work/.gcc/bin/gcc -c conftest.c -I/source/build/hpkgsrc/math/muparser/work/.buildlink/include -L/source/build/hpkgsrc/math/muparser/work/.buildlink/lib 
[*] /source/build/hpkgsrc/math/muparser/work/.wrapper/bin/g++ /source/build/hpkgsrc/math/muparser/work/.wrapper/bin/g++ --version
<.> /source/build/hpkgsrc/math/muparser/work/.gcc/bin/g++ --version -I/source/build/hpkgsrc/math/muparser/work/.buildlink/include -L/source/build/hpkgsrc/math/muparser/work/.buildlink/lib 
[*] /source/build/hpkgsrc/math/muparser/work/.wrapper/bin/g++ /source/build/hpkgsrc/math/muparser/work/.wrapper/bin/g++ -v
<.> /source/build/hpkgsrc/math/muparser/work/.gcc/bin/g++ -v 
[*] /source/build/hpkgsrc/math/muparser/work/.wrapper/bin/g++ /source/build/hpkgsrc/math/muparser/work/.wrapper/bin/g++ -V
<.> /source/build/hpkgsrc/math/muparser/work/.gcc/bin/g++ -V -I/source/build/hpkgsrc/math/muparser/work/.buildlink/include -L/source/build/hpkgsrc/math/muparser/work/.buildlink/lib 
[*] /source/build/hpkgsrc/math/muparser/work/.wrapper/bin/g++ /source/build/hpkgsrc/math/muparser/work/.wrapper/bin/g++ -qversion
WARNING: [transform-gcc] passing unknown option -qversion
<.> /source/build/hpkgsrc/math/muparser/work/.gcc/bin/g++ -qversion -I/source/build/hpkgsrc/math/muparser/work/.buildlink/include -L/source/build/hpkgsrc/math/muparser/work/.buildlink/lib 
[*] /source/build/hpkgsrc/math/muparser/work/.wrapper/bin/g++ /source/build/hpkgsrc/math/muparser/work/.wrapper/bin/g++ -c conftest.cpp
<.> /source/build/hpkgsrc/math/muparser/work/.gcc/bin/g++ -c conftest.cpp -I/source/build/hpkgsrc/math/muparser/work/.buildlink/include -L/source/build/hpkgsrc/math/muparser/work/.buildlink/lib 
[*] /source/build/hpkgsrc/math/muparser/work/.wrapper/bin/g++ /source/build/hpkgsrc/math/muparser/work/.wrapper/bin/g++ -c -g conftest.cpp
<.> /source/build/hpkgsrc/math/muparser/work/.gcc/bin/g++ -c -g conftest.cpp -I/source/build/hpkgsrc/math/muparser/work/.buildlink/include -L/source/build/hpkgsrc/math/muparser/work/.buildlink/lib 
[*] /source/build/hpkgsrc/math/muparser/work/.wrapper/bin/g++ /source/build/hpkgsrc/math/muparser/work/.wrapper/bin/g++ -E conftest.cpp
<.> /source/build/hpkgsrc/math/muparser/work/.gcc/bin/g++ -E conftest.cpp -I/source/build/hpkgsrc/math/muparser/work/.buildlink/include -L/source/build/hpkgsrc/math/muparser/work/.buildlink/lib 
[*] /source/build/hpkgsrc/math/muparser/work/.wrapper/bin/g++ /source/build/hpkgsrc/math/muparser/work/.wrapper/bin/g++ -E conftest.cpp
<.> /source/build/hpkgsrc/math/muparser/work/.gcc/bin/g++ -E conftest.cpp -I/source/build/hpkgsrc/math/muparser/work/.buildlink/include -L/source/build/hpkgsrc/math/muparser/work/.buildlink/lib 
[*] /source/build/hpkgsrc/math/muparser/work/.wrapper/bin/g++ /source/build/hpkgsrc/math/muparser/work/.wrapper/bin/g++ -E conftest.cpp
<.> /source/build/hpkgsrc/math/muparser/work/.gcc/bin/g++ -E conftest.cpp -I/source/build/hpkgsrc/math/muparser/work/.buildlink/include -L/source/build/hpkgsrc/math/muparser/work/.buildlink/lib 
[*] /source/build/hpkgsrc/math/muparser/work/.wrapper/bin/g++ /source/build/hpkgsrc/math/muparser/work/.wrapper/bin/g++ -E conftest.cpp
<.> /source/build/hpkgsrc/math/muparser/work/.gcc/bin/g++ -E conftest.cpp -I/source/build/hpkgsrc/math/muparser/work/.buildlink/include -L/source/build/hpkgsrc/math/muparser/work/.buildlink/lib 
[*] /source/build/hpkgsrc/math/muparser/work/.wrapper/bin/gcc /source/build/hpkgsrc/math/muparser/work/.wrapper/bin/gcc --version
<.> /source/build/hpkgsrc/math/muparser/work/.gcc/bin/gcc --version -I/source/build/hpkgsrc/math/muparser/work/.buildlink/include -L/source/build/hpkgsrc/math/muparser/work/.buildlink/lib 
[*] /source/build/hpkgsrc/math/muparser/work/.wrapper/bin/gcc /source/build/hpkgsrc/math/muparser/work/.wrapper/bin/gcc -v
<.> /source/build/hpkgsrc/math/muparser/work/.gcc/bin/gcc -v 
[*] /source/build/hpkgsrc/math/muparser/work/.wrapper/bin/gcc /source/build/hpkgsrc/math/muparser/work/.wrapper/bin/gcc -V
<.> /source/build/hpkgsrc/math/muparser/work/.gcc/bin/gcc -V -I/source/build/hpkgsrc/math/muparser/work/.buildlink/include -L/source/build/hpkgsrc/math/muparser/work/.buildlink/lib 
[*] /source/build/hpkgsrc/math/muparser/work/.wrapper/bin/gcc /source/build/hpkgsrc/math/muparser/work/.wrapper/bin/gcc -qversion
WARNING: [transform-gcc] passing unknown option -qversion
<.> /source/build/hpkgsrc/math/muparser/work/.gcc/bin/gcc -qversion -I/source/build/hpkgsrc/math/muparser/work/.buildlink/include -L/source/build/hpkgsrc/math/muparser/work/.buildlink/lib 
[*] /source/build/hpkgsrc/math/muparser/work/.wrapper/bin/gcc /source/build/hpkgsrc/math/muparser/work/.wrapper/bin/gcc -c -O2 conftest.c
<.> /source/build/hpkgsrc/math/muparser/work/.gcc/bin/gcc -c -O2 conftest.c -I/source/build/hpkgsrc/math/muparser/work/.buildlink/include -L/source/build/hpkgsrc/math/muparser/work/.buildlink/lib 
[*] /source/build/hpkgsrc/math/muparser/work/.wrapper/bin/g++ /source/build/hpkgsrc/math/muparser/work/.wrapper/bin/g++ --version
<.> /source/build/hpkgsrc/math/muparser/work/.gcc/bin/g++ --version -I/source/build/hpkgsrc/math/muparser/work/.buildlink/include -L/source/build/hpkgsrc/math/muparser/work/.buildlink/lib 
[*] /source/build/hpkgsrc/math/muparser/work/.wrapper/bin/g++ /source/build/hpkgsrc/math/muparser/work/.wrapper/bin/g++ -v
<.> /source/build/hpkgsrc/math/muparser/work/.gcc/bin/g++ -v 
[*] /source/build/hpkgsrc/math/muparser/work/.wrapper/bin/g++ /source/build/hpkgsrc/math/muparser/work/.wrapper/bin/g++ -V
<.> /source/build/hpkgsrc/math/muparser/work/.gcc/bin/g++ -V -I/source/build/hpkgsrc/math/muparser/work/.buildlink/include -L/source/build/hpkgsrc/math/muparser/work/.buildlink/lib 
[*] /source/build/hpkgsrc/math/muparser/work/.wrapper/bin/g++ /source/build/hpkgsrc/math/muparser/work/.wrapper/bin/g++ -qversion
WARNING: [transform-gcc] passing unknown option -qversion
<.> /source/build/hpkgsrc/math/muparser/work/.gcc/bin/g++ -qversion -I/source/build/hpkgsrc/math/muparser/work/.buildlink/include -L/source/build/hpkgsrc/math/muparser/work/.buildlink/lib 
[*] /source/build/hpkgsrc/math/muparser/work/.wrapper/bin/g++ /source/build/hpkgsrc/math/muparser/work/.wrapper/bin/g++ -c -O2 conftest.cpp
<.> /source/build/hpkgsrc/math/muparser/work/.gcc/bin/g++ -c -O2 conftest.cpp -I/source/build/hpkgsrc/math/muparser/work/.buildlink/include -L/source/build/hpkgsrc/math/muparser/work/.buildlink/lib 
[*] /source/build/hpkgsrc/math/muparser/work/.tools/bin/true 
<.> true  
[*] /source/build/hpkgsrc/math/muparser/work/.tools/bin/true 
<.> true  
[*] /source/build/hpkgsrc/math/muparser/work/.tools/bin/true 
<.> true  
[*] /source/build/hpkgsrc/math/muparser/work/.tools/bin/true 
<.> true  
[*] /source/build/hpkgsrc/math/muparser/work/.tools/bin/true 
<.> true  
[*] /source/build/hpkgsrc/math/muparser/work/.tools/bin/true 
<.> true  
[*] /source/build/hpkgsrc/math/muparser/work/.tools/bin/true 
<.> true  
[*] /source/build/hpkgsrc/math/muparser/work/.tools/bin/mkdir conf3284.dir
<.> /bin/mkdir -p conf3284.dir
[*] /source/build/hpkgsrc/math/muparser/work/.tools/bin/mkdir -p .
<.> /bin/mkdir -p -p .
[*] /source/build/hpkgsrc/math/muparser/work/.wrapper/bin/gcc /source/build/hpkgsrc/math/muparser/work/.wrapper/bin/gcc --version
<.> /source/build/hpkgsrc/math/muparser/work/.gcc/bin/gcc --version -I/source/build/hpkgsrc/math/muparser/work/.buildlink/include -L/source/build/hpkgsrc/math/muparser/work/.buildlink/lib 
[*] /source/build/hpkgsrc/math/muparser/work/.wrapper/bin/gcc /source/build/hpkgsrc/math/muparser/work/.wrapper/bin/gcc -v
<.> /source/build/hpkgsrc/math/muparser/work/.gcc/bin/gcc -v 
[*] /source/build/hpkgsrc/math/muparser/work/.wrapper/bin/gcc /source/build/hpkgsrc/math/muparser/work/.wrapper/bin/gcc -V
<.> /source/build/hpkgsrc/math/muparser/work/.gcc/bin/gcc -V -I/source/build/hpkgsrc/math/muparser/work/.buildlink/include -L/source/build/hpkgsrc/math/muparser/work/.buildlink/lib 
[*] /source/build/hpkgsrc/math/muparser/work/.wrapper/bin/gcc /source/build/hpkgsrc/math/muparser/work/.wrapper/bin/gcc -qversion
WARNING: [transform-gcc] passing unknown option -qversion
<.> /source/build/hpkgsrc/math/muparser/work/.gcc/bin/gcc -qversion -I/source/build/hpkgsrc/math/muparser/work/.buildlink/include -L/source/build/hpkgsrc/math/muparser/work/.buildlink/lib 
[*] /source/build/hpkgsrc/math/muparser/work/.wrapper/bin/gcc /source/build/hpkgsrc/math/muparser/work/.wrapper/bin/gcc -Wl,-R/boot/common/pkg/lib conftest.c -lnetwork -lroot
<.> /source/build/hpkgsrc/math/muparser/work/.gcc/bin/gcc -Wl,-R/boot/common/pkg/lib conftest.c -I/source/build/hpkgsrc/math/muparser/work/.buildlink/include -L/source/build/hpkgsrc/math/muparser/work/.buildlink/lib  -lnetwork -lroot
[*] /source/build/hpkgsrc/math/muparser/work/.wrapper/bin/gcc /source/build/hpkgsrc/math/muparser/work/.wrapper/bin/gcc -o conftest -Wl,-R/boot/common/pkg/lib conftest.c -lnetwork -lroot
<.> /source/build/hpkgsrc/math/muparser/work/.gcc/bin/gcc -o conftest -Wl,-R/boot/common/pkg/lib conftest.c -I/source/build/hpkgsrc/math/muparser/work/.buildlink/include -L/source/build/hpkgsrc/math/muparser/work/.buildlink/lib  -lnetwork -lroot
[*] /source/build/hpkgsrc/math/muparser/work/.wrapper/bin/gcc /source/build/hpkgsrc/math/muparser/work/.wrapper/bin/gcc -c conftest.c
<.> /source/build/hpkgsrc/math/muparser/work/.gcc/bin/gcc -c conftest.c -I/source/build/hpkgsrc/math/muparser/work/.buildlink/include -L/source/build/hpkgsrc/math/muparser/work/.buildlink/lib 
[*] /source/build/hpkgsrc/math/muparser/work/.wrapper/bin/gcc /source/build/hpkgsrc/math/muparser/work/.wrapper/bin/gcc -c conftest.c
<.> /source/build/hpkgsrc/math/muparser/work/.gcc/bin/gcc -c conftest.c -I/source/build/hpkgsrc/math/muparser/work/.buildlink/include -L/source/build/hpkgsrc/math/muparser/work/.buildlink/lib 
[*] /source/build/hpkgsrc/math/muparser/work/.wrapper/bin/gcc /source/build/hpkgsrc/math/muparser/work/.wrapper/bin/gcc -c -g conftest.c
<.> /source/build/hpkgsrc/math/muparser/work/.gcc/bin/gcc -c -g conftest.c -I/source/build/hpkgsrc/math/muparser/work/.buildlink/include -L/source/build/hpkgsrc/math/muparser/work/.buildlink/lib 
[*] /source/build/hpkgsrc/math/muparser/work/.wrapper/bin/gcc /source/build/hpkgsrc/math/muparser/work/.wrapper/bin/gcc -c conftest.c
<.> /source/build/hpkgsrc/math/muparser/work/.gcc/bin/gcc -c conftest.c -I/source/build/hpkgsrc/math/muparser/work/.buildlink/include -L/source/build/hpkgsrc/math/muparser/work/.buildlink/lib 
[*] /source/build/hpkgsrc/math/muparser/work/.wrapper/bin/g++ /source/build/hpkgsrc/math/muparser/work/.wrapper/bin/g++ --version
<.> /source/build/hpkgsrc/math/muparser/work/.gcc/bin/g++ --version -I/source/build/hpkgsrc/math/muparser/work/.buildlink/include -L/source/build/hpkgsrc/math/muparser/work/.buildlink/lib 
[*] /source/build/hpkgsrc/math/muparser/work/.wrapper/bin/g++ /source/build/hpkgsrc/math/muparser/work/.wrapper/bin/g++ -v
<.> /source/build/hpkgsrc/math/muparser/work/.gcc/bin/g++ -v 
[*] /source/build/hpkgsrc/math/muparser/work/.wrapper/bin/g++ /source/build/hpkgsrc/math/muparser/work/.wrapper/bin/g++ -V
<.> /source/build/hpkgsrc/math/muparser/work/.gcc/bin/g++ -V -I/source/build/hpkgsrc/math/muparser/work/.buildlink/include -L/source/build/hpkgsrc/math/muparser/work/.buildlink/lib 
[*] /source/build/hpkgsrc/math/muparser/work/.wrapper/bin/g++ /source/build/hpkgsrc/math/muparser/work/.wrapper/bin/g++ -qversion
WARNING: [transform-gcc] passing unknown option -qversion
<.> /source/build/hpkgsrc/math/muparser/work/.gcc/bin/g++ -qversion -I/source/build/hpkgsrc/math/muparser/work/.buildlink/include -L/source/build/hpkgsrc/math/muparser/work/.buildlink/lib 
[*] /source/build/hpkgsrc/math/muparser/work/.wrapper/bin/g++ /source/build/hpkgsrc/math/muparser/work/.wrapper/bin/g++ -c conftest.cpp
<.> /source/build/hpkgsrc/math/muparser/work/.gcc/bin/g++ -c conftest.cpp -I/source/build/hpkgsrc/math/muparser/work/.buildlink/include -L/source/build/hpkgsrc/math/muparser/work/.buildlink/lib 
[*] /source/build/hpkgsrc/math/muparser/work/.wrapper/bin/g++ /source/build/hpkgsrc/math/muparser/work/.wrapper/bin/g++ -c -g conftest.cpp
<.> /source/build/hpkgsrc/math/muparser/work/.gcc/bin/g++ -c -g conftest.cpp -I/source/build/hpkgsrc/math/muparser/work/.buildlink/include -L/source/build/hpkgsrc/math/muparser/work/.buildlink/lib 
[*] /source/build/hpkgsrc/math/muparser/work/.wrapper/bin/g++ /source/build/hpkgsrc/math/muparser/work/.wrapper/bin/g++ -E conftest.cpp
<.> /source/build/hpkgsrc/math/muparser/work/.gcc/bin/g++ -E conftest.cpp -I/source/build/hpkgsrc/math/muparser/work/.buildlink/include -L/source/build/hpkgsrc/math/muparser/work/.buildlink/lib 
[*] /source/build/hpkgsrc/math/muparser/work/.wrapper/bin/g++ /source/build/hpkgsrc/math/muparser/work/.wrapper/bin/g++ -E conftest.cpp
<.> /source/build/hpkgsrc/math/muparser/work/.gcc/bin/g++ -E conftest.cpp -I/source/build/hpkgsrc/math/muparser/work/.buildlink/include -L/source/build/hpkgsrc/math/muparser/work/.buildlink/lib 
[*] /source/build/hpkgsrc/math/muparser/work/.wrapper/bin/g++ /source/build/hpkgsrc/math/muparser/work/.wrapper/bin/g++ -E conftest.cpp
<.> /source/build/hpkgsrc/math/muparser/work/.gcc/bin/g++ -E conftest.cpp -I/source/build/hpkgsrc/math/muparser/work/.buildlink/include -L/source/build/hpkgsrc/math/muparser/work/.buildlink/lib 
[*] /source/build/hpkgsrc/math/muparser/work/.wrapper/bin/g++ /source/build/hpkgsrc/math/muparser/work/.wrapper/bin/g++ -E conftest.cpp
<.> /source/build/hpkgsrc/math/muparser/work/.gcc/bin/g++ -E conftest.cpp -I/source/build/hpkgsrc/math/muparser/work/.buildlink/include -L/source/build/hpkgsrc/math/muparser/work/.buildlink/lib 
[*] /source/build/hpkgsrc/math/muparser/work/.wrapper/bin/gcc /source/build/hpkgsrc/math/muparser/work/.wrapper/bin/gcc --version
<.> /source/build/hpkgsrc/math/muparser/work/.gcc/bin/gcc --version -I/source/build/hpkgsrc/math/muparser/work/.buildlink/include -L/source/build/hpkgsrc/math/muparser/work/.buildlink/lib 
[*] /source/build/hpkgsrc/math/muparser/work/.wrapper/bin/gcc /source/build/hpkgsrc/math/muparser/work/.wrapper/bin/gcc -v
<.> /source/build/hpkgsrc/math/muparser/work/.gcc/bin/gcc -v 
[*] /source/build/hpkgsrc/math/muparser/work/.wrapper/bin/gcc /source/build/hpkgsrc/math/muparser/work/.wrapper/bin/gcc -V
<.> /source/build/hpkgsrc/math/muparser/work/.gcc/bin/gcc -V -I/source/build/hpkgsrc/math/muparser/work/.buildlink/include -L/source/build/hpkgsrc/math/muparser/work/.buildlink/lib 
[*] /source/build/hpkgsrc/math/muparser/work/.wrapper/bin/gcc /source/build/hpkgsrc/math/muparser/work/.wrapper/bin/gcc -qversion
WARNING: [transform-gcc] passing unknown option -qversion
<.> /source/build/hpkgsrc/math/muparser/work/.gcc/bin/gcc -qversion -I/source/build/hpkgsrc/math/muparser/work/.buildlink/include -L/source/build/hpkgsrc/math/muparser/work/.buildlink/lib 
[*] /source/build/hpkgsrc/math/muparser/work/.wrapper/bin/gcc /source/build/hpkgsrc/math/muparser/work/.wrapper/bin/gcc -c -O2 conftest.c
<.> /source/build/hpkgsrc/math/muparser/work/.gcc/bin/gcc -c -O2 conftest.c -I/source/build/hpkgsrc/math/muparser/work/.buildlink/include -L/source/build/hpkgsrc/math/muparser/work/.buildlink/lib 
[*] /source/build/hpkgsrc/math/muparser/work/.wrapper/bin/g++ /source/build/hpkgsrc/math/muparser/work/.wrapper/bin/g++ --version
<.> /source/build/hpkgsrc/math/muparser/work/.gcc/bin/g++ --version -I/source/build/hpkgsrc/math/muparser/work/.buildlink/include -L/source/build/hpkgsrc/math/muparser/work/.buildlink/lib 
[*] /source/build/hpkgsrc/math/muparser/work/.wrapper/bin/g++ /source/build/hpkgsrc/math/muparser/work/.wrapper/bin/g++ -v
<.> /source/build/hpkgsrc/math/muparser/work/.gcc/bin/g++ -v 
[*] /source/build/hpkgsrc/math/muparser/work/.wrapper/bin/g++ /source/build/hpkgsrc/math/muparser/work/.wrapper/bin/g++ -V
<.> /source/build/hpkgsrc/math/muparser/work/.gcc/bin/g++ -V -I/source/build/hpkgsrc/math/muparser/work/.buildlink/include -L/source/build/hpkgsrc/math/muparser/work/.buildlink/lib 
[*] /source/build/hpkgsrc/math/muparser/work/.wrapper/bin/g++ /source/build/hpkgsrc/math/muparser/work/.wrapper/bin/g++ -qversion
WARNING: [transform-gcc] passing unknown option -qversion
<.> /source/build/hpkgsrc/math/muparser/work/.gcc/bin/g++ -qversion -I/source/build/hpkgsrc/math/muparser/work/.buildlink/include -L/source/build/hpkgsrc/math/muparser/work/.buildlink/lib 
[*] /source/build/hpkgsrc/math/muparser/work/.wrapper/bin/g++ /source/build/hpkgsrc/math/muparser/work/.wrapper/bin/g++ -c -O2 conftest.cpp
<.> /source/build/hpkgsrc/math/muparser/work/.gcc/bin/g++ -c -O2 conftest.cpp -I/source/build/hpkgsrc/math/muparser/work/.buildlink/include -L/source/build/hpkgsrc/math/muparser/work/.buildlink/lib 
[*] /source/build/hpkgsrc/math/muparser/work/.tools/bin/mkdir conf3707.dir
<.> /bin/mkdir -p conf3707.dir
[*] /source/build/hpkgsrc/math/muparser/work/.tools/bin/mkdir -p .
<.> /bin/mkdir -p -p .
[*] /source/build/hpkgsrc/math/muparser/work/.tools/bin/true 
<.> true  
[*] /source/build/hpkgsrc/math/muparser/work/.tools/bin/true 
<.> true  
[*] /source/build/hpkgsrc/math/muparser/work/.tools/bin/true 
<.> true  
[*] /source/build/hpkgsrc/math/muparser/work/.tools/bin/true 
<.> true  
[*] /source/build/hpkgsrc/math/muparser/work/.tools/bin/true 
<.> true  
[*] /source/build/hpkgsrc/math/muparser/work/.tools/bin/true 
<.> true  
[*] /source/build/hpkgsrc/math/muparser/work/.tools/bin/true 
<.> true  
[*] /source/build/hpkgsrc/math/muparser/work/.tools/bin/true 
<.> true  
[*] /source/build/hpkgsrc/math/muparser/work/.wrapper/bin/g++ /source/build/hpkgsrc/math/muparser/work/.wrapper/bin/g++ -c -o muParser_dll_muParser.o -DNDEBUG -DMUPARSER_DLL -DMUPARSERLIB_EXPORTS -I./include -fPIC -DPIC -O2 ./src/muParser.cpp -MMD
<.> /source/build/hpkgsrc/math/muparser/work/.gcc/bin/g++ -c -o muParser_dll_muParser.o -DNDEBUG -DMUPARSER_DLL -DMUPARSERLIB_EXPORTS -I./include -fPIC -DPIC -O2 ./src/muParser.cpp -MMD -I/source/build/hpkgsrc/math/muparser/work/.buildlink/include -L/source/build/hpkgsrc/math/muparser/work/.buildlink/lib 
[*] /source/build/hpkgsrc/math/muparser/work/.tools/bin/mkdir -p ./.deps
<.> /bin/mkdir -p -p ./.deps
[*] /source/build/hpkgsrc/math/muparser/work/.wrapper/bin/g++ /source/build/hpkgsrc/math/muparser/work/.wrapper/bin/g++ -c -o muParser_dll_muParserBase.o -DNDEBUG -DMUPARSER_DLL -DMUPARSERLIB_EXPORTS -I./include -fPIC -DPIC -O2 ./src/muParserBase.cpp -MMD
<.> /source/build/hpkgsrc/math/muparser/work/.gcc/bin/g++ -c -o muParser_dll_muParserBase.o -DNDEBUG -DMUPARSER_DLL -DMUPARSERLIB_EXPORTS -I./include -fPIC -DPIC -O2 ./src/muParserBase.cpp -MMD -I/source/build/hpkgsrc/math/muparser/work/.buildlink/include -L/source/build/hpkgsrc/math/muparser/work/.buildlink/lib 
[*] /source/build/hpkgsrc/math/muparser/work/.tools/bin/mkdir -p ./.deps
<.> /bin/mkdir -p -p ./.deps
[*] /source/build/hpkgsrc/math/muparser/work/.wrapper/bin/g++ /source/build/hpkgsrc/math/muparser/work/.wrapper/bin/g++ -c -o muParser_dll_muParserBytecode.o -DNDEBUG -DMUPARSER_DLL -DMUPARSERLIB_EXPORTS -I./include -fPIC -DPIC -O2 ./src/muParserBytecode.cpp -MMD
<.> /source/build/hpkgsrc/math/muparser/work/.gcc/bin/g++ -c -o muParser_dll_muParserBytecode.o -DNDEBUG -DMUPARSER_DLL -DMUPARSERLIB_EXPORTS -I./include -fPIC -DPIC -O2 ./src/muParserBytecode.cpp -MMD -I/source/build/hpkgsrc/math/muparser/work/.buildlink/include -L/source/build/hpkgsrc/math/muparser/work/.buildlink/lib 
[*] /source/build/hpkgsrc/math/muparser/work/.tools/bin/mkdir -p ./.deps
<.> /bin/mkdir -p -p ./.deps
[*] /source/build/hpkgsrc/math/muparser/work/.wrapper/bin/g++ /source/build/hpkgsrc/math/muparser/work/.wrapper/bin/g++ -c -o muParser_dll_muParserCallback.o -DNDEBUG -DMUPARSER_DLL -DMUPARSERLIB_EXPORTS -I./include -fPIC -DPIC -O2 ./src/muParserCallback.cpp -MMD
<.> /source/build/hpkgsrc/math/muparser/work/.gcc/bin/g++ -c -o muParser_dll_muParserCallback.o -DNDEBUG -DMUPARSER_DLL -DMUPARSERLIB_EXPORTS -I./include -fPIC -DPIC -O2 ./src/muParserCallback.cpp -MMD -I/source/build/hpkgsrc/math/muparser/work/.buildlink/include -L/source/build/hpkgsrc/math/muparser/work/.buildlink/lib 
[*] /source/build/hpkgsrc/math/muparser/work/.tools/bin/mkdir -p ./.deps
<.> /bin/mkdir -p -p ./.deps
[*] /source/build/hpkgsrc/math/muparser/work/.wrapper/bin/g++ /source/build/hpkgsrc/math/muparser/work/.wrapper/bin/g++ -c -o muParser_dll_muParserComplex.o -DNDEBUG -DMUPARSER_DLL -DMUPARSERLIB_EXPORTS -I./include -fPIC -DPIC -O2 ./src/muParserComplex.cpp -MMD
<.> /source/build/hpkgsrc/math/muparser/work/.gcc/bin/g++ -c -o muParser_dll_muParserComplex.o -DNDEBUG -DMUPARSER_DLL -DMUPARSERLIB_EXPORTS -I./include -fPIC -DPIC -O2 ./src/muParserComplex.cpp -MMD -I/source/build/hpkgsrc/math/muparser/work/.buildlink/include -L/source/build/hpkgsrc/math/muparser/work/.buildlink/lib 
[*] /source/build/hpkgsrc/math/muparser/work/.tools/bin/mkdir -p ./.deps
<.> /bin/mkdir -p -p ./.deps
[*] /source/build/hpkgsrc/math/muparser/work/.wrapper/bin/g++ /source/build/hpkgsrc/math/muparser/work/.wrapper/bin/g++ -c -o muParser_dll_muParserDLL.o -DNDEBUG -DMUPARSER_DLL -DMUPARSERLIB_EXPORTS -I./include -fPIC -DPIC -O2 ./src/muParserDLL.cpp -MMD
<.> /source/build/hpkgsrc/math/muparser/work/.gcc/bin/g++ -c -o muParser_dll_muParserDLL.o -DNDEBUG -DMUPARSER_DLL -DMUPARSERLIB_EXPORTS -I./include -fPIC -DPIC -O2 ./src/muParserDLL.cpp -MMD -I/source/build/hpkgsrc/math/muparser/work/.buildlink/include -L/source/build/hpkgsrc/math/muparser/work/.buildlink/lib 
[*] /source/build/hpkgsrc/math/muparser/work/.tools/bin/mkdir -p ./.deps
<.> /bin/mkdir -p -p ./.deps
[*] /source/build/hpkgsrc/math/muparser/work/.wrapper/bin/g++ /source/build/hpkgsrc/math/muparser/work/.wrapper/bin/g++ -c -o muParser_dll_muParserError.o -DNDEBUG -DMUPARSER_DLL -DMUPARSERLIB_EXPORTS -I./include -fPIC -DPIC -O2 ./src/muParserError.cpp -MMD
<.> /source/build/hpkgsrc/math/muparser/work/.gcc/bin/g++ -c -o muParser_dll_muParserError.o -DNDEBUG -DMUPARSER_DLL -DMUPARSERLIB_EXPORTS -I./include -fPIC -DPIC -O2 ./src/muParserError.cpp -MMD -I/source/build/hpkgsrc/math/muparser/work/.buildlink/include -L/source/build/hpkgsrc/math/muparser/work/.buildlink/lib 
[*] /source/build/hpkgsrc/math/muparser/work/.tools/bin/mkdir -p ./.deps
<.> /bin/mkdir -p -p ./.deps
[*] /source/build/hpkgsrc/math/muparser/work/.wrapper/bin/g++ /source/build/hpkgsrc/math/muparser/work/.wrapper/bin/g++ -c -o muParser_dll_muParserInt.o -DNDEBUG -DMUPARSER_DLL -DMUPARSERLIB_EXPORTS -I./include -fPIC -DPIC -O2 ./src/muParserInt.cpp -MMD
<.> /source/build/hpkgsrc/math/muparser/work/.gcc/bin/g++ -c -o muParser_dll_muParserInt.o -DNDEBUG -DMUPARSER_DLL -DMUPARSERLIB_EXPORTS -I./include -fPIC -DPIC -O2 ./src/muParserInt.cpp -MMD -I/source/build/hpkgsrc/math/muparser/work/.buildlink/include -L/source/build/hpkgsrc/math/muparser/work/.buildlink/lib 
[*] /source/build/hpkgsrc/math/muparser/work/.tools/bin/mkdir -p ./.deps
<.> /bin/mkdir -p -p ./.deps
[*] /source/build/hpkgsrc/math/muparser/work/.wrapper/bin/g++ /source/build/hpkgsrc/math/muparser/work/.wrapper/bin/g++ -c -o muParser_dll_muParserTest.o -DNDEBUG -DMUPARSER_DLL -DMUPARSERLIB_EXPORTS -I./include -fPIC -DPIC -O2 ./src/muParserTest.cpp -MMD
<.> /source/build/hpkgsrc/math/muparser/work/.gcc/bin/g++ -c -o muParser_dll_muParserTest.o -DNDEBUG -DMUPARSER_DLL -DMUPARSERLIB_EXPORTS -I./include -fPIC -DPIC -O2 ./src/muParserTest.cpp -MMD -I/source/build/hpkgsrc/math/muparser/work/.buildlink/include -L/source/build/hpkgsrc/math/muparser/work/.buildlink/lib 
[*] /source/build/hpkgsrc/math/muparser/work/.tools/bin/mkdir -p ./.deps
<.> /bin/mkdir -p -p ./.deps
[*] /source/build/hpkgsrc/math/muparser/work/.wrapper/bin/g++ /source/build/hpkgsrc/math/muparser/work/.wrapper/bin/g++ -c -o muParser_dll_muParserTokenReader.o -DNDEBUG -DMUPARSER_DLL -DMUPARSERLIB_EXPORTS -I./include -fPIC -DPIC -O2 ./src/muParserTokenReader.cpp -MMD
<.> /source/build/hpkgsrc/math/muparser/work/.gcc/bin/g++ -c -o muParser_dll_muParserTokenReader.o -DNDEBUG -DMUPARSER_DLL -DMUPARSERLIB_EXPORTS -I./include -fPIC -DPIC -O2 ./src/muParserTokenReader.cpp -MMD -I/source/build/hpkgsrc/math/muparser/work/.buildlink/include -L/source/build/hpkgsrc/math/muparser/work/.buildlink/lib 
[*] /source/build/hpkgsrc/math/muparser/work/.tools/bin/mkdir -p ./.deps
<.> /bin/mkdir -p -p ./.deps
[*] /source/build/hpkgsrc/math/muparser/work/.wrapper/bin/g++ /source/build/hpkgsrc/math/muparser/work/.wrapper/bin/g++ -shared -fPIC -o ./lib/libmuparser.so muParser_dll_muParser.o muParser_dll_muParserBase.o muParser_dll_muParserBytecode.o muParser_dll_muParserCallback.o muParser_dll_muParserComplex.o muParser_dll_muParserDLL.o muParser_dll_muParserError.o muParser_dll_muParserInt.o muParser_dll_muParserTest.o muParser_dll_muParserTokenReader.o -Wl,-R/boot/common/pkg/lib -lnetwork -lroot
<.> /source/build/hpkgsrc/math/muparser/work/.gcc/bin/g++ -shared -fPIC -o ./lib/libmuparser.so muParser_dll_muParser.o muParser_dll_muParserBase.o muParser_dll_muParserBytecode.o muParser_dll_muParserCallback.o muParser_dll_muParserComplex.o muParser_dll_muParserDLL.o muParser_dll_muParserError.o muParser_dll_muParserInt.o muParser_dll_muParserTest.o muParser_dll_muParserTokenReader.o -Wl,-R/boot/common/pkg/lib -I/source/build/hpkgsrc/math/muparser/work/.buildlink/include -L/source/build/hpkgsrc/math/muparser/work/.buildlink/lib  -lnetwork -lroot
[*] /source/build/hpkgsrc/math/muparser/work/.wrapper/bin/g++ /source/build/hpkgsrc/math/muparser/work/.wrapper/bin/g++ -c -o example1_Example1.o -DNDEBUG -I./include -O2 ./samples/example1/Example1.cpp -MMD
<.> /source/build/hpkgsrc/math/muparser/work/.gcc/bin/g++ -c -o example1_Example1.o -DNDEBUG -I./include -O2 ./samples/example1/Example1.cpp -MMD -I/source/build/hpkgsrc/math/muparser/work/.buildlink/include -L/source/build/hpkgsrc/math/muparser/work/.buildlink/lib 
[*] /source/build/hpkgsrc/math/muparser/work/.tools/bin/mkdir -p ./.deps
<.> /bin/mkdir -p -p ./.deps
[*] /source/build/hpkgsrc/math/muparser/work/.wrapper/bin/g++ /source/build/hpkgsrc/math/muparser/work/.wrapper/bin/g++ -o ./samples/example1/example1 example1_Example1.o -L./lib -L./lib -Wl,-R/boot/common/pkg/lib -lmuparser -lnetwork -lroot
<.> /source/build/hpkgsrc/math/muparser/work/.gcc/bin/g++ -o ./samples/example1/example1 example1_Example1.o -L./lib -Wl,-R/boot/common/pkg/lib -I/source/build/hpkgsrc/math/muparser/work/.buildlink/include -L/source/build/hpkgsrc/math/muparser/work/.buildlink/lib  -lmuparser -lnetwork -lroot
[*] /source/build/hpkgsrc/math/muparser/work/.tools/bin/true 
<.> true  
[*] /source/build/hpkgsrc/math/muparser/work/.tools/bin/true 
<.> true  
[*] /source/build/hpkgsrc/math/muparser/work/.tools/bin/true 
<.> true  
[*] /source/build/hpkgsrc/math/muparser/work/.tools/bin/true 
<.> true  
[*] /source/build/hpkgsrc/math/muparser/work/.tools/bin/true 
<.> true  
[*] /source/build/hpkgsrc/math/muparser/work/.tools/bin/true 
<.> true  
[*] /source/build/hpkgsrc/math/muparser/work/.tools/bin/true 
<.> true  
[*] /source/build/hpkgsrc/math/muparser/work/.tools/bin/true 
<.> true  
[*] /source/build/hpkgsrc/math/muparser/work/.tools/bin/true 
<.> true  
[*] /source/build/hpkgsrc/math/muparser/work/.tools/bin/true 
<.> true  
[*] /source/build/hpkgsrc/math/muparser/work/.tools/bin/true 
<.> true  
[*] /source/build/hpkgsrc/math/muparser/work/.tools/bin/true 
<.> true  
[*] /source/build/hpkgsrc/math/muparser/work/.tools/bin/true 
<.> true  
[*] /source/build/hpkgsrc/math/muparser/work/.tools/bin/true 
<.> true  
[*] /source/build/hpkgsrc/math/muparser/work/.tools/bin/true 
<.> true  
[*] /source/build/hpkgsrc/math/muparser/work/.tools/bin/true 
<.> true  
[*] /source/build/hpkgsrc/math/muparser/work/.tools/bin/true 
<.> true  
[*] /source/build/hpkgsrc/math/muparser/work/.tools/bin/true 
<.> true  
[*] /source/build/hpkgsrc/math/muparser/work/.tools/bin/true 
<.> true  
[*] /source/build/hpkgsrc/math/muparser/work/.tools/bin/mkdir conf4775.dir
<.> /bin/mkdir -p conf4775.dir
[*] /source/build/hpkgsrc/math/muparser/work/.tools/bin/mkdir -p .
<.> /bin/mkdir -p -p .
[*] /source/build/hpkgsrc/math/muparser/work/.wrapper/bin/gcc /source/build/hpkgsrc/math/muparser/work/.wrapper/bin/gcc --version
<.> /source/build/hpkgsrc/math/muparser/work/.gcc/bin/gcc --version -I/source/build/hpkgsrc/math/muparser/work/.buildlink/include -L/source/build/hpkgsrc/math/muparser/work/.buildlink/lib 
[*] /source/build/hpkgsrc/math/muparser/work/.wrapper/bin/gcc /source/build/hpkgsrc/math/muparser/work/.wrapper/bin/gcc -v
<.> /source/build/hpkgsrc/math/muparser/work/.gcc/bin/gcc -v 
[*] /source/build/hpkgsrc/math/muparser/work/.wrapper/bin/gcc /source/build/hpkgsrc/math/muparser/work/.wrapper/bin/gcc -V
<.> /source/build/hpkgsrc/math/muparser/work/.gcc/bin/gcc -V -I/source/build/hpkgsrc/math/muparser/work/.buildlink/include -L/source/build/hpkgsrc/math/muparser/work/.buildlink/lib 
[*] /source/build/hpkgsrc/math/muparser/work/.wrapper/bin/gcc /source/build/hpkgsrc/math/muparser/work/.wrapper/bin/gcc -qversion
WARNING: [transform-gcc] passing unknown option -qversion
<.> /source/build/hpkgsrc/math/muparser/work/.gcc/bin/gcc -qversion -I/source/build/hpkgsrc/math/muparser/work/.buildlink/include -L/source/build/hpkgsrc/math/muparser/work/.buildlink/lib 
[*] /source/build/hpkgsrc/math/muparser/work/.wrapper/bin/gcc /source/build/hpkgsrc/math/muparser/work/.wrapper/bin/gcc -Wl,-R/boot/common/pkg/lib conftest.c -lnetwork -lroot
<.> /source/build/hpkgsrc/math/muparser/work/.gcc/bin/gcc -Wl,-R/boot/common/pkg/lib conftest.c -I/source/build/hpkgsrc/math/muparser/work/.buildlink/include -L/source/build/hpkgsrc/math/muparser/work/.buildlink/lib  -lnetwork -lroot
[*] /source/build/hpkgsrc/math/muparser/work/.wrapper/bin/gcc /source/build/hpkgsrc/math/muparser/work/.wrapper/bin/gcc -o conftest -Wl,-R/boot/common/pkg/lib conftest.c -lnetwork -lroot
<.> /source/build/hpkgsrc/math/muparser/work/.gcc/bin/gcc -o conftest -Wl,-R/boot/common/pkg/lib conftest.c -I/source/build/hpkgsrc/math/muparser/work/.buildlink/include -L/source/build/hpkgsrc/math/muparser/work/.buildlink/lib  -lnetwork -lroot
[*] /source/build/hpkgsrc/math/muparser/work/.wrapper/bin/gcc /source/build/hpkgsrc/math/muparser/work/.wrapper/bin/gcc -c conftest.c
<.> /source/build/hpkgsrc/math/muparser/work/.gcc/bin/gcc -c conftest.c -I/source/build/hpkgsrc/math/muparser/work/.buildlink/include -L/source/build/hpkgsrc/math/muparser/work/.buildlink/lib 
[*] /source/build/hpkgsrc/math/muparser/work/.wrapper/bin/gcc /source/build/hpkgsrc/math/muparser/work/.wrapper/bin/gcc -c conftest.c
<.> /source/build/hpkgsrc/math/muparser/work/.gcc/bin/gcc -c conftest.c -I/source/build/hpkgsrc/math/muparser/work/.buildlink/include -L/source/build/hpkgsrc/math/muparser/work/.buildlink/lib 
[*] /source/build/hpkgsrc/math/muparser/work/.wrapper/bin/gcc /source/build/hpkgsrc/math/muparser/work/.wrapper/bin/gcc -c -g conftest.c
<.> /source/build/hpkgsrc/math/muparser/work/.gcc/bin/gcc -c -g conftest.c -I/source/build/hpkgsrc/math/muparser/work/.buildlink/include -L/source/build/hpkgsrc/math/muparser/work/.buildlink/lib 
[*] /source/build/hpkgsrc/math/muparser/work/.wrapper/bin/gcc /source/build/hpkgsrc/math/muparser/work/.wrapper/bin/gcc -c conftest.c
<.> /source/build/hpkgsrc/math/muparser/work/.gcc/bin/gcc -c conftest.c -I/source/build/hpkgsrc/math/muparser/work/.buildlink/include -L/source/build/hpkgsrc/math/muparser/work/.buildlink/lib 
[*] /source/build/hpkgsrc/math/muparser/work/.wrapper/bin/g++ /source/build/hpkgsrc/math/muparser/work/.wrapper/bin/g++ --version
<.> /source/build/hpkgsrc/math/muparser/work/.gcc/bin/g++ --version -I/source/build/hpkgsrc/math/muparser/work/.buildlink/include -L/source/build/hpkgsrc/math/muparser/work/.buildlink/lib 
[*] /source/build/hpkgsrc/math/muparser/work/.wrapper/bin/g++ /source/build/hpkgsrc/math/muparser/work/.wrapper/bin/g++ -v
<.> /source/build/hpkgsrc/math/muparser/work/.gcc/bin/g++ -v 
[*] /source/build/hpkgsrc/math/muparser/work/.wrapper/bin/g++ /source/build/hpkgsrc/math/muparser/work/.wrapper/bin/g++ -V
<.> /source/build/hpkgsrc/math/muparser/work/.gcc/bin/g++ -V -I/source/build/hpkgsrc/math/muparser/work/.buildlink/include -L/source/build/hpkgsrc/math/muparser/work/.buildlink/lib 
[*] /source/build/hpkgsrc/math/muparser/work/.wrapper/bin/g++ /source/build/hpkgsrc/math/muparser/work/.wrapper/bin/g++ -qversion
WARNING: [transform-gcc] passing unknown option -qversion
<.> /source/build/hpkgsrc/math/muparser/work/.gcc/bin/g++ -qversion -I/source/build/hpkgsrc/math/muparser/work/.buildlink/include -L/source/build/hpkgsrc/math/muparser/work/.buildlink/lib 
[*] /source/build/hpkgsrc/math/muparser/work/.wrapper/bin/g++ /source/build/hpkgsrc/math/muparser/work/.wrapper/bin/g++ -c conftest.cpp
<.> /source/build/hpkgsrc/math/muparser/work/.gcc/bin/g++ -c conftest.cpp -I/source/build/hpkgsrc/math/muparser/work/.buildlink/include -L/source/build/hpkgsrc/math/muparser/work/.buildlink/lib 
[*] /source/build/hpkgsrc/math/muparser/work/.wrapper/bin/g++ /source/build/hpkgsrc/math/muparser/work/.wrapper/bin/g++ -c -g conftest.cpp
<.> /source/build/hpkgsrc/math/muparser/work/.gcc/bin/g++ -c -g conftest.cpp -I/source/build/hpkgsrc/math/muparser/work/.buildlink/include -L/source/build/hpkgsrc/math/muparser/work/.buildlink/lib 
[*] /source/build/hpkgsrc/math/muparser/work/.wrapper/bin/g++ /source/build/hpkgsrc/math/muparser/work/.wrapper/bin/g++ -E conftest.cpp
<.> /source/build/hpkgsrc/math/muparser/work/.gcc/bin/g++ -E conftest.cpp -I/source/build/hpkgsrc/math/muparser/work/.buildlink/include -L/source/build/hpkgsrc/math/muparser/work/.buildlink/lib 
[*] /source/build/hpkgsrc/math/muparser/work/.wrapper/bin/g++ /source/build/hpkgsrc/math/muparser/work/.wrapper/bin/g++ -E conftest.cpp
<.> /source/build/hpkgsrc/math/muparser/work/.gcc/bin/g++ -E conftest.cpp -I/source/build/hpkgsrc/math/muparser/work/.buildlink/include -L/source/build/hpkgsrc/math/muparser/work/.buildlink/lib 
[*] /source/build/hpkgsrc/math/muparser/work/.wrapper/bin/g++ /source/build/hpkgsrc/math/muparser/work/.wrapper/bin/g++ -E conftest.cpp
<.> /source/build/hpkgsrc/math/muparser/work/.gcc/bin/g++ -E conftest.cpp -I/source/build/hpkgsrc/math/muparser/work/.buildlink/include -L/source/build/hpkgsrc/math/muparser/work/.buildlink/lib 
[*] /source/build/hpkgsrc/math/muparser/work/.wrapper/bin/g++ /source/build/hpkgsrc/math/muparser/work/.wrapper/bin/g++ -E conftest.cpp
<.> /source/build/hpkgsrc/math/muparser/work/.gcc/bin/g++ -E conftest.cpp -I/source/build/hpkgsrc/math/muparser/work/.buildlink/include -L/source/build/hpkgsrc/math/muparser/work/.buildlink/lib 
[*] /source/build/hpkgsrc/math/muparser/work/.wrapper/bin/gcc /source/build/hpkgsrc/math/muparser/work/.wrapper/bin/gcc --version
<.> /source/build/hpkgsrc/math/muparser/work/.gcc/bin/gcc --version -I/source/build/hpkgsrc/math/muparser/work/.buildlink/include -L/source/build/hpkgsrc/math/muparser/work/.buildlink/lib 
[*] /source/build/hpkgsrc/math/muparser/work/.wrapper/bin/gcc /source/build/hpkgsrc/math/muparser/work/.wrapper/bin/gcc -v
<.> /source/build/hpkgsrc/math/muparser/work/.gcc/bin/gcc -v 
[*] /source/build/hpkgsrc/math/muparser/work/.wrapper/bin/gcc /source/build/hpkgsrc/math/muparser/work/.wrapper/bin/gcc -V
<.> /source/build/hpkgsrc/math/muparser/work/.gcc/bin/gcc -V -I/source/build/hpkgsrc/math/muparser/work/.buildlink/include -L/source/build/hpkgsrc/math/muparser/work/.buildlink/lib 
[*] /source/build/hpkgsrc/math/muparser/work/.wrapper/bin/gcc /source/build/hpkgsrc/math/muparser/work/.wrapper/bin/gcc -qversion
WARNING: [transform-gcc] passing unknown option -qversion
<.> /source/build/hpkgsrc/math/muparser/work/.gcc/bin/gcc -qversion -I/source/build/hpkgsrc/math/muparser/work/.buildlink/include -L/source/build/hpkgsrc/math/muparser/work/.buildlink/lib 
[*] /source/build/hpkgsrc/math/muparser/work/.wrapper/bin/gcc /source/build/hpkgsrc/math/muparser/work/.wrapper/bin/gcc -c -O2 conftest.c
<.> /source/build/hpkgsrc/math/muparser/work/.gcc/bin/gcc -c -O2 conftest.c -I/source/build/hpkgsrc/math/muparser/work/.buildlink/include -L/source/build/hpkgsrc/math/muparser/work/.buildlink/lib 
[*] /source/build/hpkgsrc/math/muparser/work/.wrapper/bin/g++ /source/build/hpkgsrc/math/muparser/work/.wrapper/bin/g++ --version
<.> /source/build/hpkgsrc/math/muparser/work/.gcc/bin/g++ --version -I/source/build/hpkgsrc/math/muparser/work/.buildlink/include -L/source/build/hpkgsrc/math/muparser/work/.buildlink/lib 
[*] /source/build/hpkgsrc/math/muparser/work/.wrapper/bin/g++ /source/build/hpkgsrc/math/muparser/work/.wrapper/bin/g++ -v
<.> /source/build/hpkgsrc/math/muparser/work/.gcc/bin/g++ -v 
[*] /source/build/hpkgsrc/math/muparser/work/.wrapper/bin/g++ /source/build/hpkgsrc/math/muparser/work/.wrapper/bin/g++ -V
<.> /source/build/hpkgsrc/math/muparser/work/.gcc/bin/g++ -V -I/source/build/hpkgsrc/math/muparser/work/.buildlink/include -L/source/build/hpkgsrc/math/muparser/work/.buildlink/lib 
[*] /source/build/hpkgsrc/math/muparser/work/.wrapper/bin/g++ /source/build/hpkgsrc/math/muparser/work/.wrapper/bin/g++ -qversion
WARNING: [transform-gcc] passing unknown option -qversion
<.> /source/build/hpkgsrc/math/muparser/work/.gcc/bin/g++ -qversion -I/source/build/hpkgsrc/math/muparser/work/.buildlink/include -L/source/build/hpkgsrc/math/muparser/work/.buildlink/lib 
[*] /source/build/hpkgsrc/math/muparser/work/.wrapper/bin/g++ /source/build/hpkgsrc/math/muparser/work/.wrapper/bin/g++ -c -O2 conftest.cpp
<.> /source/build/hpkgsrc/math/muparser/work/.gcc/bin/g++ -c -O2 conftest.cpp -I/source/build/hpkgsrc/math/muparser/work/.buildlink/include -L/source/build/hpkgsrc/math/muparser/work/.buildlink/lib 
[*] /source/build/hpkgsrc/math/muparser/work/.tools/bin/mkdir conf5198.dir
<.> /bin/mkdir -p conf5198.dir
[*] /source/build/hpkgsrc/math/muparser/work/.tools/bin/mkdir -p .
<.> /bin/mkdir -p -p .
[*] /source/build/hpkgsrc/math/muparser/work/.tools/bin/true 
<.> true  
[*] /source/build/hpkgsrc/math/muparser/work/.tools/bin/true 
<.> true  
[*] /source/build/hpkgsrc/math/muparser/work/.tools/bin/true 
<.> true  
[*] /source/build/hpkgsrc/math/muparser/work/.tools/bin/true 
<.> true  
[*] /source/build/hpkgsrc/math/muparser/work/.tools/bin/true 
<.> true  
[*] /source/build/hpkgsrc/math/muparser/work/.tools/bin/true 
<.> true  
[*] /source/build/hpkgsrc/math/muparser/work/.tools/bin/true 
<.> true  
[*] /source/build/hpkgsrc/math/muparser/work/.tools/bin/true 
<.> true  
[*] /source/build/hpkgsrc/math/muparser/work/.wrapper/bin/g++ /source/build/hpkgsrc/math/muparser/work/.wrapper/bin/g++ -shared -fPIC -o ./lib/libmuparser.so.0.0.0 muParser_dll_muParser.o muParser_dll_muParserBase.o muParser_dll_muParserBytecode.o muParser_dll_muParserCallback.o muParser_dll_muParserComplex.o muParser_dll_muParserDLL.o muParser_dll_muParserError.o muParser_dll_muParserInt.o muParser_dll_muParserTest.o muParser_dll_muParserTokenReader.o -Wl,-soname,libmuparser.so.0 -Wl,-R/boot/common/pkg/lib -lnetwork -lroot
<.> /source/build/hpkgsrc/math/muparser/work/.gcc/bin/g++ -shared -fPIC -o ./lib/libmuparser.so.0.0.0 muParser_dll_muParser.o muParser_dll_muParserBase.o muParser_dll_muParserBytecode.o muParser_dll_muParserCallback.o muParser_dll_muParserComplex.o muParser_dll_muParserDLL.o muParser_dll_muParserError.o muParser_dll_muParserInt.o muParser_dll_muParserTest.o muParser_dll_muParserTokenReader.o -Wl,-soname -Wl,libmuparser.so.0 -Wl,-R/boot/common/pkg/lib -I/source/build/hpkgsrc/math/muparser/work/.buildlink/include -L/source/build/hpkgsrc/math/muparser/work/.buildlink/lib  -lnetwork -lroot
[*] /source/build/hpkgsrc/math/muparser/work/.tools/bin/true 
<.> true  
[*] /source/build/hpkgsrc/math/muparser/work/.tools/bin/true 
<.> true  
[*] /source/build/hpkgsrc/math/muparser/work/.tools/bin/true 
<.> true  
[*] /source/build/hpkgsrc/math/muparser/work/.tools/bin/true 
<.> true  
[*] /source/build/hpkgsrc/math/muparser/work/.tools/bin/true 
<.> true  
[*] /source/build/hpkgsrc/math/muparser/work/.tools/bin/true 
<.> true  
[*] /source/build/hpkgsrc/math/muparser/work/.tools/bin/true 
<.> true  
[*] /source/build/hpkgsrc/math/muparser/work/.tools/bin/true 
<.> true  
[*] /source/build/hpkgsrc/math/muparser/work/.tools/bin/true 
<.> true  
[*] /source/build/hpkgsrc/math/muparser/work/.tools/bin/true 
<.> true  
[*] /source/build/hpkgsrc/math/muparser/work/.tools/bin/true 
<.> true  
[*] /source/build/hpkgsrc/math/muparser/work/.tools/bin/true 
<.> true  
[*] /source/build/hpkgsrc/math/muparser/work/.tools/bin/true 
<.> true  
